#
# A fatal error has been detected by the Java Runtime Environment:
#
#  SIGSEGV (0xb) at pc=0x00007f2c8e56bd36, pid=24370, tid=0x00007f2c656bf700
#
# JRE version: OpenJDK Runtime Environment (8.0_275-b01) (build 1.8.0_275-8u275-b01-0ubuntu1~20.04-b01)
# Java VM: OpenJDK 64-Bit Server VM (25.275-b01 mixed mode linux-amd64 compressed oops)
# Problematic frame:
# V  [libjvm.so+0x4dfd36]
#
# Failed to write core dump. Core dumps have been disabled. To enable core dumping, try "ulimit -c unlimited" before starting Java again
#
# If you would like to submit a bug report, please visit:
#   http://bugreport.java.com/bugreport/crash.jsp
#

---------------  T H R E A D  ---------------

Current thread (0x00007f2c88080000):  VMThread [stack: 0x00007f2c655c0000,0x00007f2c656c0000] [id=24381]

siginfo: si_signo: 11 (SIGSEGV), si_code: 128 (SI_KERNEL), si_addr: 0x0000000000000000

Registers:
RAX=0x0a00010009000000, RBX=0x00000000000000bb, RCX=0x0000000000000002, RDX=0x00000000000000bb
RSP=0x00007f2c656be6a0, RBP=0x00007f2c656be6a0, RSI=0x0000000000000049, RDI=0x00007f2bf7daa110
R8 =0x0a00010009000000, R9 =0x0000000000000003, R10=0x0000000000000002, R11=0x00007f2bf7daa110
R12=0x00007f2c8c3ad4b0, R13=0x00007f2c656be7b0, R14=0x0000000000000049, R15=0x0000000000000049
RIP=0x00007f2c8e56bd36, EFLAGS=0x0000000000010246, CSGSFS=0x002b000000000033, ERR=0x0000000000000000
  TRAPNO=0x000000000000000d

Top of Stack: (sp=0x00007f2c656be6a0)
0x00007f2c656be6a0:   00007f2c656be740 00007f2c8e99cd5a
0x00007f2c656be6b0:   00007f2c8802f0c0 00007f2c8802f0b0
0x00007f2c656be6c0:   00007f2c8802f498 00007f2c88080460
0x00007f2c656be6d0:   00000000000003d8 00007f2c79d9c050
0x00007f2c656be6e0:   00007f2c656be730 00007f2c8ea9203f
0x00007f2c656be6f0:   00007f2c8802f0c0 00007f2c656be740
0x00007f2c656be700:   00007f2c656be7b0 5e691eb62f65c100
0x00007f2c656be710:   00007f2c656be730 00007f2c8ee59ce0
0x00007f2c656be720:   00000000000000bb 00000000000000bb
0x00007f2c656be730:   00000000000000bb 00007f2bf7daa658
0x00007f2c656be740:   00007f2c656be820 00007f2c8e99fc2f
0x00007f2c656be750:   00007f2c79d9c1c8 00007f2c79d9c050
0x00007f2c656be760:   00007f2c79d9c39c 00007f2c58000060
0x00007f2c656be770:   00007f2bf7daa678 00007f2c88080000
0x00007f2c656be780:   00007f2c79d9c1e0 00007f2bf7da7f98
0x00007f2c656be790:   00007f2c88080000 0000000300000000
0x00007f2c656be7a0:   000000bb0000000a 000000bb79d90000
0x00007f2c656be7b0:   00007f2bf7da7f98 00007f2bf7daa678
0x00007f2c656be7c0:   00007f2c88080000 0000000300000000
0x00007f2c656be7d0:   000000bb0000000a 000000bb2f650000
0x00007f2c656be7e0:   0000000000000009 5e691eb62f65c100
0x00007f2c656be7f0:   00007f2c656be850 0000000000000000
0x00007f2c656be800:   00007f2bf7da7fb8 00007f2bf7da7f98
0x00007f2c656be810:   00007f2c8ee60fb8 0000000000000000
0x00007f2c656be820:   00007f2c656be8a0 00007f2c8e87e0d3
0x00007f2c656be830:   00000007c07e2438 00007f2c48000f20
0x00007f2c656be840:   00000007c07e8638 00000007c07e2438
0x00007f2c656be850:   00007f2c656be8a0 00007f2c8e8813b4
0x00007f2c656be860:   00007f2c656be890 00007f2c00000000
0x00007f2c656be870:   00007f2c48000f20 00007f2c652ba930
0x00007f2c656be880:   00007f2c88080000 00007f2c48000f20
0x00007f2c656be890:   00000007c07e8638 00000007c07e2438 

Instructions: (pc=0x00007f2c8e56bd36)
0x00007f2c8e56bd16:   63 f6 48 8d 44 f7 50 48 89 e5 48 8b 00 48 89 45
0x00007f2c8e56bd26:   f8 48 8b 45 f8 49 89 c0 49 83 e0 fe a8 01 75 04
0x00007f2c8e56bd36:   4c 8b 40 10 4c 89 c0 5d c3 90 f3 0f 1e fa 55 48
0x00007f2c8e56bd46:   89 e5 41 54 49 89 fc 53 89 f3 48 83 ec 10 85 f6 

Register to memory mapping:

RAX=0x0a00010009000000 is an unknown value
RBX=0x00000000000000bb is an unknown value
RCX=0x0000000000000002 is an unknown value
RDX=0x00000000000000bb is an unknown value
RSP=0x00007f2c656be6a0 is an unknown value
RBP=0x00007f2c656be6a0 is an unknown value
RSI=0x0000000000000049 is an unknown value
RDI=0x00007f2bf7daa110 is pointing into metadata
R8 =0x0a00010009000000 is an unknown value
R9 =0x0000000000000003 is an unknown value
R10=0x0000000000000002 is an unknown value
R11=0x00007f2bf7daa110 is pointing into metadata
R12=0x00007f2c8c3ad4b0 is an unknown value
R13=0x00007f2c656be7b0 is an unknown value
R14=0x0000000000000049 is an unknown value
R15=0x0000000000000049 is an unknown value


Stack: [0x00007f2c655c0000,0x00007f2c656c0000],  sp=0x00007f2c656be6a0,  free space=1017k
Native frames: (J=compiled Java code, j=interpreted, Vv=VM code, C=native code)
V  [libjvm.so+0x4dfd36]
V  [libjvm.so+0x910d5a]
V  [libjvm.so+0x913c2f]
V  [libjvm.so+0x7f20d3]
V  [libjvm.so+0x7f55cc]
V  [libjvm.so+0x7f5c4a]
V  [libjvm.so+0xb3bafb]
V  [libjvm.so+0xb39748]
V  [libjvm.so+0xb39d84]
V  [libjvm.so+0xb3a0bd]
V  [libjvm.so+0x97bab0]

VM_Operation (0x00007f2c652ba930): RedefineClasses, mode: safepoint, requested by thread 0x00007f2c880d3800, redefining class com.ahasan.rest.entity.EmployeeEntity



---------------  P R O C E S S  ---------------

Java Threads: ( => current thread )
  0x00007f2bf8010000 JavaThread "File Watcher" daemon [_thread_blocked, id=27205, stack(0x00007f2c1c3e6000,0x00007f2c1c4e7000)]
  0x00007f2bf800f000 JavaThread "File Watcher" daemon [_thread_blocked, id=27130, stack(0x00007f2c1fdfe000,0x00007f2c1feff000)]
  0x00007f2bf8017800 JavaThread "File Watcher" daemon [_thread_blocked, id=27081, stack(0x00007f2c640d1000,0x00007f2c641d2000)]
  0x00007f2c102e0800 JavaThread "Thread-43" [_thread_blocked, id=26764, stack(0x00007f2c1c6e9000,0x00007f2c1c7ea000)]
  0x00007f2c2c005000 JavaThread "File Watcher" daemon [_thread_blocked, id=26415, stack(0x00007f2c1dcf5000,0x00007f2c1ddf6000)]
  0x00007f2c88012800 JavaThread "DestroyJavaVM" [_thread_blocked, id=24374, stack(0x00007f2c8dc41000,0x00007f2c8dd41000)]
  0x00007f2c18efb800 JavaThread "Live Reload Server" daemon [_thread_in_native, id=24429, stack(0x00007f2c1d5f4000,0x00007f2c1d6f5000)]
  0x00007f2c1892f000 JavaThread "mysql-cj-abandoned-connection-cleanup" daemon [_thread_blocked, id=24422, stack(0x00007f2c1e4f7000,0x00007f2c1e5f8000)]
  0x00007f2c0801c800 JavaThread "RMI Scheduler(0)" daemon [_thread_blocked, id=24409, stack(0x00007f2c1f2fb000,0x00007f2c1f3fc000)]
  0x00007f2c54001000 JavaThread "Attach Listener" daemon [_thread_blocked, id=24406, stack(0x00007f2c1fafd000,0x00007f2c1fbfe000)]
  0x00007f2c885bb800 JavaThread "RMI TCP Accept-0" daemon [_thread_in_native, id=24400, stack(0x00007f2c644d3000,0x00007f2c645d4000)]
  0x00007f2c885ab000 JavaThread "RMI TCP Accept-45385" daemon [_thread_in_native, id=24399, stack(0x00007f2c645d4000,0x00007f2c646d5000)]
  0x00007f2c88597800 JavaThread "RMI TCP Accept-0" daemon [_thread_in_native, id=24398, stack(0x00007f2c646d5000,0x00007f2c647d6000)]
  0x00007f2c880e3000 JavaThread "Service Thread" daemon [_thread_blocked, id=24397, stack(0x00007f2c64bb5000,0x00007f2c64cb6000)]
  0x00007f2c880df800 JavaThread "C1 CompilerThread2" daemon [_thread_blocked, id=24396, stack(0x00007f2c64cb7000,0x00007f2c64db7000)]
  0x00007f2c880dd800 JavaThread "C2 CompilerThread1" daemon [_thread_blocked, id=24395, stack(0x00007f2c64db8000,0x00007f2c64eb8000)]
  0x00007f2c880da800 JavaThread "C2 CompilerThread0" daemon [_thread_blocked, id=24394, stack(0x00007f2c64eb9000,0x00007f2c64fb9000)]
  0x00007f2c48001800 JavaThread "JDWP Command Reader" daemon [_thread_in_native, id=24391, stack(0x00007f2c64fb9000,0x00007f2c650ba000)]
  0x00007f2c880d7000 JavaThread "JDWP Event Helper Thread" daemon [_thread_blocked, id=24389, stack(0x00007f2c650ba000,0x00007f2c651bb000)]
  0x00007f2c880d3800 JavaThread "JDWP Transport Listener: dt_socket" daemon [_thread_blocked, id=24387, stack(0x00007f2c651bb000,0x00007f2c652bc000)]
  0x00007f2c880bb000 JavaThread "Signal Dispatcher" daemon [_thread_blocked, id=24385, stack(0x00007f2c652bc000,0x00007f2c653bd000)]
  0x00007f2c8808e000 JavaThread "Finalizer" daemon [_thread_blocked, id=24383, stack(0x00007f2c653bd000,0x00007f2c654be000)]
  0x00007f2c88089800 JavaThread "Reference Handler" daemon [_thread_blocked, id=24382, stack(0x00007f2c654be000,0x00007f2c655bf000)]

Other Threads:
=>0x00007f2c88080000 VMThread [stack: 0x00007f2c655c0000,0x00007f2c656c0000] [id=24381]
  0x00007f2c885bd000 WatcherThread [stack: 0x00007f2c643d3000,0x00007f2c644d3000] [id=24401]

VM state:at safepoint (normal execution)

VM Mutex/Monitor currently owned by a thread:  ([mutex/lock_event])
[0x00007f2c8800f480] Threads_lock - owner thread: 0x00007f2c88080000

heap address: 0x0000000706a00000, size: 2966 MB, Compressed Oops mode: Zero based, Oop shift amount: 3
Narrow klass base: 0x0000000000000000, Narrow klass shift: 3
Compressed class space size: 1073741824 Address: 0x00000007c0000000

Heap:
 PSYoungGen      total 352768K, used 43831K [0x0000000782380000, 0x000000079b900000, 0x00000007c0000000)
  eden space 335872K, 10% used [0x0000000782380000,0x000000078460eaa8,0x0000000796b80000)
  from space 16896K, 49% used [0x0000000796b80000,0x00000007973bf490,0x0000000797c00000)
  to   space 16384K, 0% used [0x000000079a900000,0x000000079a900000,0x000000079b900000)
 ParOldGen       total 137216K, used 19946K [0x0000000706a00000, 0x000000070f000000, 0x0000000782380000)
  object space 137216K, 14% used [0x0000000706a00000,0x0000000707d7a808,0x000000070f000000)
 Metaspace       used 55787K, capacity 59861K, committed 60072K, reserved 1101824K
  class space    used 7775K, capacity 8596K, committed 8616K, reserved 1048576K

Card table byte_map: [0x00007f2c8cc4a000,0x00007f2c8d216000] byte_map_base: 0x00007f2c89415000

Marking Bits: (ParMarkBitMap*) 0x00007f2c8ee6d680
 Begin Bits: [0x00007f2c66350000, 0x00007f2c691a8000)
 End Bits:   [0x00007f2c691a8000, 0x00007f2c6c000000)

Polling page: 0x00007f2c8f11b000

CodeCache: size=245760Kb used=13923Kb max_used=13923Kb free=231836Kb
 bounds [0x00007f2c79000000, 0x00007f2c79da0000, 0x00007f2c88000000]
 total_blobs=7604 nmethods=7055 adapters=468
 compilation: enabled

Compilation events (10 events):
Event: 2512.748 Thread 0x00007f2c880df800 7155       1       org.springframework.boot.web.embedded.tomcat.TomcatServletWebServerFactory$StaticResourceConfigurer::lifecycleEvent (24 bytes)
Event: 2512.758 Thread 0x00007f2c880df800 nmethod 7155 0x00007f2c79d9a750 code [0x00007f2c79d9a8e0, 0x00007f2c79d9aaa8]
Event: 2512.758 Thread 0x00007f2c880df800 7156       1       org.apache.catalina.core.StandardHost$MemoryLeakTrackingListener::lifecycleEvent (66 bytes)
Event: 2512.759 Thread 0x00007f2c880df800 nmethod 7156 0x00007f2c79d9ac50 code [0x00007f2c79d9ae00, 0x00007f2c79d9b128]
Event: 2512.759 Thread 0x00007f2c880df800 7157       1       org.springframework.boot.autoconfigure.web.embedded.TomcatWebServerFactoryCustomizer$$Lambda$474/209613724::lifecycleEvent (13 bytes)
Event: 2512.759 Thread 0x00007f2c880df800 nmethod 7157 0x00007f2c79d9b350 code [0x00007f2c79d9b4c0, 0x00007f2c79d9b608]
Event: 2512.760 Thread 0x00007f2c880df800 7158       1       org.springframework.boot.autoconfigure.web.embedded.TomcatWebServerFactoryCustomizer::lambda$null$25 (55 bytes)
Event: 2512.761 Thread 0x00007f2c880df800 nmethod 7158 0x00007f2c79d9b690 code [0x00007f2c79d9b860, 0x00007f2c79d9bbf8]
Event: 2512.761 Thread 0x00007f2c880df800 7159       1       org.springframework.boot.web.embedded.tomcat.TomcatWebServer$$Lambda$475/601890207::lifecycleEvent (13 bytes)
Event: 2512.762 Thread 0x00007f2c880df800 nmethod 7159 0x00007f2c79d9c050 code [0x00007f2c79d9c1e0, 0x00007f2c79d9c3a8]

GC Heap History (10 events):
Event: 2211.312 GC heap before
{Heap before GC invocations=23 (full 8):
 PSYoungGen      total 353792K, used 147382K [0x0000000782380000, 0x0000000798e80000, 0x00000007c0000000)
  eden space 335872K, 43% used [0x0000000782380000,0x000000078b36d988,0x0000000796b80000)
  from space 17920K, 0% used [0x0000000797d00000,0x0000000797d00000,0x0000000798e80000)
  to   space 17920K, 0% used [0x0000000796b80000,0x0000000796b80000,0x0000000797d00000)
 ParOldGen       total 137216K, used 19576K [0x0000000706a00000, 0x000000070f000000, 0x0000000782380000)
  object space 137216K, 14% used [0x0000000706a00000,0x0000000707d1e318,0x000000070f000000)
 Metaspace       used 54994K, capacity 58903K, committed 59176K, reserved 1099776K
  class space    used 7687K, capacity 8445K, committed 8488K, reserved 1048576K
Event: 2211.320 GC heap after
Heap after GC invocations=23 (full 8):
 PSYoungGen      total 339968K, used 3710K [0x0000000782380000, 0x0000000798d80000, 0x00000007c0000000)
  eden space 335872K, 0% used [0x0000000782380000,0x0000000782380000,0x0000000796b80000)
  from space 4096K, 90% used [0x0000000796b80000,0x0000000796f1f840,0x0000000796f80000)
  to   space 17408K, 0% used [0x0000000797c80000,0x0000000797c80000,0x0000000798d80000)
 ParOldGen       total 137216K, used 19584K [0x0000000706a00000, 0x000000070f000000, 0x0000000782380000)
  object space 137216K, 14% used [0x0000000706a00000,0x0000000707d20318,0x000000070f000000)
 Metaspace       used 54994K, capacity 58903K, committed 59176K, reserved 1099776K
  class space    used 7687K, capacity 8445K, committed 8488K, reserved 1048576K
}
Event: 2211.320 GC heap before
{Heap before GC invocations=24 (full 9):
 PSYoungGen      total 339968K, used 3710K [0x0000000782380000, 0x0000000798d80000, 0x00000007c0000000)
  eden space 335872K, 0% used [0x0000000782380000,0x0000000782380000,0x0000000796b80000)
  from space 4096K, 90% used [0x0000000796b80000,0x0000000796f1f840,0x0000000796f80000)
  to   space 17408K, 0% used [0x0000000797c80000,0x0000000797c80000,0x0000000798d80000)
 ParOldGen       total 137216K, used 19584K [0x0000000706a00000, 0x000000070f000000, 0x0000000782380000)
  object space 137216K, 14% used [0x0000000706a00000,0x0000000707d20318,0x000000070f000000)
 Metaspace       used 54994K, capacity 58903K, committed 59176K, reserved 1099776K
  class space    used 7687K, capacity 8445K, committed 8488K, reserved 1048576K
Event: 2211.427 GC heap after
Heap after GC invocations=24 (full 9):
 PSYoungGen      total 339968K, used 0K [0x0000000782380000, 0x0000000798d80000, 0x00000007c0000000)
  eden space 335872K, 0% used [0x0000000782380000,0x0000000782380000,0x0000000796b80000)
  from space 4096K, 0% used [0x0000000796b80000,0x0000000796b80000,0x0000000796f80000)
  to   space 17408K, 0% used [0x0000000797c80000,0x0000000797c80000,0x0000000798d80000)
 ParOldGen       total 137216K, used 19744K [0x0000000706a00000, 0x000000070f000000, 0x0000000782380000)
  object space 137216K, 14% used [0x0000000706a00000,0x0000000707d483c0,0x000000070f000000)
 Metaspace       used 54984K, capacity 58885K, committed 59176K, reserved 1099776K
  class space    used 7685K, capacity 8441K, committed 8488K, reserved 1048576K
}
Event: 2311.385 GC heap before
{Heap before GC invocations=25 (full 9):
 PSYoungGen      total 339968K, used 171399K [0x0000000782380000, 0x0000000798d80000, 0x00000007c0000000)
  eden space 335872K, 51% used [0x0000000782380000,0x000000078cae1c90,0x0000000796b80000)
  from space 4096K, 0% used [0x0000000796b80000,0x0000000796b80000,0x0000000796f80000)
  to   space 17408K, 0% used [0x0000000797c80000,0x0000000797c80000,0x0000000798d80000)
 ParOldGen       total 137216K, used 19744K [0x0000000706a00000, 0x000000070f000000, 0x0000000782380000)
  object space 137216K, 14% used [0x0000000706a00000,0x0000000707d483c0,0x000000070f000000)
 Metaspace       used 55227K, capacity 59259K, committed 59560K, reserved 1099776K
  class space    used 7717K, capacity 8503K, committed 8616K, reserved 1048576K
Event: 2311.392 GC heap after
Heap after GC invocations=25 (full 9):
 PSYoungGen      total 352256K, used 3742K [0x0000000782380000, 0x0000000798c80000, 0x00000007c0000000)
  eden space 335872K, 0% used [0x0000000782380000,0x0000000782380000,0x0000000796b80000)
  from space 16384K, 22% used [0x0000000797c80000,0x0000000798027840,0x0000000798c80000)
  to   space 16896K, 0% used [0x0000000796b80000,0x0000000796b80000,0x0000000797c00000)
 ParOldGen       total 137216K, used 19752K [0x0000000706a00000, 0x000000070f000000, 0x0000000782380000)
  object space 137216K, 14% used [0x0000000706a00000,0x0000000707d4a3c0,0x000000070f000000)
 Metaspace       used 55227K, capacity 59259K, committed 59560K, reserved 1099776K
  class space    used 7717K, capacity 8503K, committed 8616K, reserved 1048576K
}
Event: 2311.392 GC heap before
{Heap before GC invocations=26 (full 10):
 PSYoungGen      total 352256K, used 3742K [0x0000000782380000, 0x0000000798c80000, 0x00000007c0000000)
  eden space 335872K, 0% used [0x0000000782380000,0x0000000782380000,0x0000000796b80000)
  from space 16384K, 22% used [0x0000000797c80000,0x0000000798027840,0x0000000798c80000)
  to   space 16896K, 0% used [0x0000000796b80000,0x0000000796b80000,0x0000000797c00000)
 ParOldGen       total 137216K, used 19752K [0x0000000706a00000, 0x000000070f000000, 0x0000000782380000)
  object space 137216K, 14% used [0x0000000706a00000,0x0000000707d4a3c0,0x000000070f000000)
 Metaspace       used 55227K, capacity 59259K, committed 59560K, reserved 1099776K
  class space    used 7717K, capacity 8503K, committed 8616K, reserved 1048576K
Event: 2311.481 GC heap after
Heap after GC invocations=26 (full 10):
 PSYoungGen      total 352256K, used 0K [0x0000000782380000, 0x0000000798c80000, 0x00000007c0000000)
  eden space 335872K, 0% used [0x0000000782380000,0x0000000782380000,0x0000000796b80000)
  from space 16384K, 0% used [0x0000000797c80000,0x0000000797c80000,0x0000000798c80000)
  to   space 16896K, 0% used [0x0000000796b80000,0x0000000796b80000,0x0000000797c00000)
 ParOldGen       total 137216K, used 19938K [0x0000000706a00000, 0x000000070f000000, 0x0000000782380000)
  object space 137216K, 14% used [0x0000000706a00000,0x0000000707d78808,0x000000070f000000)
 Metaspace       used 55217K, capacity 59241K, committed 59560K, reserved 1099776K
  class space    used 7716K, capacity 8499K, committed 8616K, reserved 1048576K
}
Event: 2498.483 GC heap before
{Heap before GC invocations=27 (full 10):
 PSYoungGen      total 352256K, used 335846K [0x0000000782380000, 0x0000000798c80000, 0x00000007c0000000)
  eden space 335872K, 99% used [0x0000000782380000,0x0000000796b79bd0,0x0000000796b80000)
  from space 16384K, 0% used [0x0000000797c80000,0x0000000797c80000,0x0000000798c80000)
  to   space 16896K, 0% used [0x0000000796b80000,0x0000000796b80000,0x0000000797c00000)
 ParOldGen       total 137216K, used 19938K [0x0000000706a00000, 0x000000070f000000, 0x0000000782380000)
  object space 137216K, 14% used [0x0000000706a00000,0x0000000707d78808,0x000000070f000000)
 Metaspace       used 55710K, capacity 59757K, committed 59816K, reserved 1099776K
  class space    used 7765K, capacity 8560K, committed 8616K, reserved 1048576K
Event: 2498.489 GC heap after
Heap after GC invocations=27 (full 10):
 PSYoungGen      total 352768K, used 8445K [0x0000000782380000, 0x000000079b900000, 0x00000007c0000000)
  eden space 335872K, 0% used [0x0000000782380000,0x0000000782380000,0x0000000796b80000)
  from space 16896K, 49% used [0x0000000796b80000,0x00000007973bf490,0x0000000797c00000)
  to   space 16384K, 0% used [0x000000079a900000,0x000000079a900000,0x000000079b900000)
 ParOldGen       total 137216K, used 19946K [0x0000000706a00000, 0x000000070f000000, 0x0000000782380000)
  object space 137216K, 14% used [0x0000000706a00000,0x0000000707d7a808,0x000000070f000000)
 Metaspace       used 55710K, capacity 59757K, committed 59816K, reserved 1099776K
  class space    used 7765K, capacity 8560K, committed 8616K, reserved 1048576K
}

Deoptimization events (0 events):
No events

Classes redefined (10 events):
Event: 2497.097 Thread 0x00007f2c88080000 redefined class name=com.ahasan.rest.entity.EmployeeEntity, count=1
Event: 2497.116 Thread 0x00007f2c88080000 redefined class name=com.ahasan.rest.entity.EmployeeEntity, count=1
Event: 2497.134 Thread 0x00007f2c88080000 redefined class name=com.ahasan.rest.entity.EmployeeEntity, count=7
Event: 2497.153 Thread 0x00007f2c88080000 redefined class name=com.ahasan.rest.entity.EmployeeEntity, count=1
Event: 2497.173 Thread 0x00007f2c88080000 redefined class name=com.ahasan.rest.entity.EmployeeEntity, count=1
Event: 2497.192 Thread 0x00007f2c88080000 redefined class name=com.ahasan.rest.entity.EmployeeEntity, count=6
Event: 2497.212 Thread 0x00007f2c88080000 redefined class name=com.ahasan.rest.entity.EmployeeEntity, count=4
Event: 2497.231 Thread 0x00007f2c88080000 redefined class name=com.ahasan.rest.entity.EmployeeEntity, count=1
Event: 2497.250 Thread 0x00007f2c88080000 redefined class name=com.ahasan.rest.entity.EmployeeEntity, count=1
Event: 2497.269 Thread 0x00007f2c88080000 redefined class name=com.ahasan.rest.entity.EmployeeEntity, count=1

Internal exceptions (10 events):
Event: 2498.515 Thread 0x00007f2bf8010000 Exception <a 'java/lang/ArrayIndexOutOfBoundsException'> (0x00000007830636c0) thrown at [/build/openjdk-8-Th12f8/openjdk-8-8u275-b01/src/hotspot/src/share/vm/runtime/sharedRuntime.cpp, line 605]
Event: 2498.515 Thread 0x00007f2bf8010000 Exception <a 'java/lang/ArrayIndexOutOfBoundsException'> (0x00000007830740f8) thrown at [/build/openjdk-8-Th12f8/openjdk-8-8u275-b01/src/hotspot/src/share/vm/runtime/sharedRuntime.cpp, line 605]
Event: 2498.516 Thread 0x00007f2bf8010000 Exception <a 'java/lang/ArrayIndexOutOfBoundsException'> (0x00000007830804b0) thrown at [/build/openjdk-8-Th12f8/openjdk-8-8u275-b01/src/hotspot/src/share/vm/runtime/sharedRuntime.cpp, line 605]
Event: 2498.538 Thread 0x00007f2bf8010000 Exception <a 'java/lang/ArrayIndexOutOfBoundsException'> (0x0000000783585830) thrown at [/build/openjdk-8-Th12f8/openjdk-8-8u275-b01/src/hotspot/src/share/vm/runtime/sharedRuntime.cpp, line 605]
Event: 2498.539 Thread 0x00007f2bf8010000 Exception <a 'java/lang/ArrayIndexOutOfBoundsException'> (0x0000000783592a38) thrown at [/build/openjdk-8-Th12f8/openjdk-8-8u275-b01/src/hotspot/src/share/vm/runtime/sharedRuntime.cpp, line 605]
Event: 2498.539 Thread 0x00007f2bf8010000 Exception <a 'java/lang/reflect/InvocationTargetException'> (0x0000000783599d00) thrown at [/build/openjdk-8-Th12f8/openjdk-8-8u275-b01/src/hotspot/src/share/vm/runtime/reflection.cpp, line 1090]
Event: 2512.739 Thread 0x00007f2bf8010000 Exception <a 'java/lang/reflect/InvocationTargetException'> (0x000000078360ee20) thrown at [/build/openjdk-8-Th12f8/openjdk-8-8u275-b01/src/hotspot/src/share/vm/runtime/reflection.cpp, line 1090]
Event: 2512.739 Thread 0x00007f2bf8010000 Exception <a 'java/lang/reflect/InvocationTargetException'> (0x000000078360f610) thrown at [/build/openjdk-8-Th12f8/openjdk-8-8u275-b01/src/hotspot/src/share/vm/runtime/reflection.cpp, line 1090]
Event: 2512.747 Thread 0x00007f2c2404a000 Exception <a 'java/lang/InterruptedException': sleep interrupted> (0x0000000783ebcb78) thrown at [/build/openjdk-8-Th12f8/openjdk-8-8u275-b01/src/hotspot/src/share/vm/prims/jvm.cpp, line 3362]
Event: 2512.760 Thread 0x00007f2bf8010000 Exception <a 'java/lang/reflect/InvocationTargetException'> (0x0000000783fd69a0) thrown at [/build/openjdk-8-Th12f8/openjdk-8-8u275-b01/src/hotspot/src/share/vm/runtime/reflection.cpp, line 1090]

Events (10 events):
Event: 2512.758 Thread 0x00007f2bf8010000 DEOPT UNPACKING pc=0x00007f2c790474c4 sp=0x00007f2c1c4e4518 mode 1
Event: 2512.760 Thread 0x00007f2bf8010000 DEOPT PACKING pc=0x00007f2c799ad88c sp=0x00007f2c1c4e5720
Event: 2512.760 Thread 0x00007f2bf8010000 DEOPT UNPACKING pc=0x00007f2c790474c4 sp=0x00007f2c1c4e5560 mode 1
Event: 2512.760 Thread 0x00007f2bf8010000 DEOPT PACKING pc=0x00007f2c797517e4 sp=0x00007f2c1c4e5870
Event: 2512.760 Thread 0x00007f2bf8010000 DEOPT UNPACKING pc=0x00007f2c790474c4 sp=0x00007f2c1c4e55b8 mode 1
Event: 2512.760 Thread 0x00007f2bf8010000 DEOPT PACKING pc=0x00007f2c79751c1c sp=0x00007f2c1c4e58c0
Event: 2512.760 Thread 0x00007f2bf8010000 DEOPT UNPACKING pc=0x00007f2c790474c4 sp=0x00007f2c1c4e5688 mode 1
Event: 2512.760 Thread 0x00007f2bf8010000 Thread exited: 0x00007f2bf8010000
Event: 2512.761 Thread 0x00007f2bf8010000 Thread added: 0x00007f2bf8010000
Event: 2522.385 Executing VM operation: RedefineClasses


Dynamic libraries:
706a00000-70f000000 rw-p 00000000 00:00 0 
70f000000-782380000 ---p 00000000 00:00 0 
782380000-79b900000 rw-p 00000000 00:00 0 
79b900000-7c0000000 ---p 00000000 00:00 0 
7c0000000-7c086a000 rw-p 00000000 00:00 0 
7c086a000-800000000 ---p 00000000 00:00 0 
55c666e4d000-55c666e4e000 r--p 00000000 08:07 13110341                   /usr/lib/jvm/java-8-openjdk-amd64/jre/bin/java
55c666e4e000-55c666e4f000 r-xp 00001000 08:07 13110341                   /usr/lib/jvm/java-8-openjdk-amd64/jre/bin/java
55c666e4f000-55c666e50000 r--p 00002000 08:07 13110341                   /usr/lib/jvm/java-8-openjdk-amd64/jre/bin/java
55c666e50000-55c666e51000 r--p 00002000 08:07 13110341                   /usr/lib/jvm/java-8-openjdk-amd64/jre/bin/java
55c666e51000-55c666e52000 rw-p 00003000 08:07 13110341                   /usr/lib/jvm/java-8-openjdk-amd64/jre/bin/java
55c66720e000-55c66722f000 rw-p 00000000 00:00 0                          [heap]
7f2bf0000000-7f2bf00e4000 rw-p 00000000 00:00 0 
7f2bf00e4000-7f2bf4000000 ---p 00000000 00:00 0 
7f2bf7a00000-7f2bf7a40000 rw-p 00000000 00:00 0 
7f2bf7a40000-7f2bf7c00000 ---p 00000000 00:00 0 
7f2bf7c00000-7f2bf7e00000 rw-p 00000000 00:00 0 
7f2bf7e00000-7f2bf8000000 rw-p 00000000 00:00 0 
7f2bf8000000-7f2bf810d000 rw-p 00000000 00:00 0 
7f2bf810d000-7f2bfc000000 ---p 00000000 00:00 0 
7f2bfc000000-7f2bfc021000 rw-p 00000000 00:00 0 
7f2bfc021000-7f2c00000000 ---p 00000000 00:00 0 
7f2c00000000-7f2c00084000 rw-p 00000000 00:00 0 
7f2c00084000-7f2c04000000 ---p 00000000 00:00 0 
7f2c04000000-7f2c04054000 rw-p 00000000 00:00 0 
7f2c04054000-7f2c08000000 ---p 00000000 00:00 0 
7f2c08000000-7f2c080b0000 rw-p 00000000 00:00 0 
7f2c080b0000-7f2c0c000000 ---p 00000000 00:00 0 
7f2c0c000000-7f2c0c159000 rw-p 00000000 00:00 0 
7f2c0c159000-7f2c10000000 ---p 00000000 00:00 0 
7f2c10000000-7f2c10547000 rw-p 00000000 00:00 0 
7f2c10547000-7f2c14000000 ---p 00000000 00:00 0 
7f2c14000000-7f2c14021000 rw-p 00000000 00:00 0 
7f2c14021000-7f2c18000000 ---p 00000000 00:00 0 
7f2c18000000-7f2c191c6000 rw-p 00000000 00:00 0 
7f2c191c6000-7f2c1c000000 ---p 00000000 00:00 0 
7f2c1c1e6000-7f2c1c3e6000 rw-p 00000000 00:00 0 
7f2c1c3e6000-7f2c1c3e9000 ---p 00000000 00:00 0 
7f2c1c3e9000-7f2c1c4e7000 rw-p 00000000 00:00 0 
7f2c1c4e7000-7f2c1c4ea000 ---p 00000000 00:00 0 
7f2c1c4ea000-7f2c1c5e8000 rw-p 00000000 00:00 0 
7f2c1c5e8000-7f2c1c5eb000 ---p 00000000 00:00 0 
7f2c1c5eb000-7f2c1c6e9000 rw-p 00000000 00:00 0 
7f2c1c6e9000-7f2c1c6ec000 ---p 00000000 00:00 0 
7f2c1c6ec000-7f2c1c7ea000 rw-p 00000000 00:00 0 
7f2c1c7ea000-7f2c1c7ed000 ---p 00000000 00:00 0 
7f2c1c7ed000-7f2c1c8eb000 rw-p 00000000 00:00 0 
7f2c1c8eb000-7f2c1c8ee000 ---p 00000000 00:00 0 
7f2c1c8ee000-7f2c1c9ec000 rw-p 00000000 00:00 0 
7f2c1c9ec000-7f2c1c9ef000 ---p 00000000 00:00 0 
7f2c1c9ef000-7f2c1caed000 rw-p 00000000 00:00 0 
7f2c1caed000-7f2c1caf0000 ---p 00000000 00:00 0 
7f2c1caf0000-7f2c1cbee000 rw-p 00000000 00:00 0 
7f2c1cbee000-7f2c1cbf1000 ---p 00000000 00:00 0 
7f2c1cbf1000-7f2c1ccef000 rw-p 00000000 00:00 0 
7f2c1ccef000-7f2c1ccf2000 ---p 00000000 00:00 0 
7f2c1ccf2000-7f2c1cdf0000 rw-p 00000000 00:00 0 
7f2c1cdf0000-7f2c1cdf3000 ---p 00000000 00:00 0 
7f2c1cdf3000-7f2c1cef1000 rw-p 00000000 00:00 0 
7f2c1cef1000-7f2c1cef4000 ---p 00000000 00:00 0 
7f2c1cef4000-7f2c1cff2000 rw-p 00000000 00:00 0 
7f2c1cff2000-7f2c1cff5000 ---p 00000000 00:00 0 
7f2c1cff5000-7f2c1d0f3000 rw-p 00000000 00:00 0 
7f2c1d0f3000-7f2c1d0f6000 ---p 00000000 00:00 0 
7f2c1d0f6000-7f2c1d3f4000 rw-p 00000000 00:00 0 
7f2c1d3f4000-7f2c1d5f4000 rw-p 00000000 00:00 0 
7f2c1d5f4000-7f2c1d5f7000 ---p 00000000 00:00 0 
7f2c1d5f7000-7f2c1d8f5000 rw-p 00000000 00:00 0 
7f2c1d8f5000-7f2c1daf5000 rw-p 00000000 00:00 0 
7f2c1daf5000-7f2c1dcf5000 rw-p 00000000 00:00 0 
7f2c1dcf5000-7f2c1dcf8000 ---p 00000000 00:00 0 
7f2c1dcf8000-7f2c1dff6000 rw-p 00000000 00:00 0 
7f2c1dff6000-7f2c1dff9000 ---p 00000000 00:00 0 
7f2c1dff9000-7f2c1e2f7000 rw-p 00000000 00:00 0 
7f2c1e2f7000-7f2c1e4f7000 rw-p 00000000 00:00 0 
7f2c1e4f7000-7f2c1e4fa000 ---p 00000000 00:00 0 
7f2c1e4fa000-7f2c1e5f8000 rw-p 00000000 00:00 0 
7f2c1e5f8000-7f2c1e5fb000 ---p 00000000 00:00 0 
7f2c1e5fb000-7f2c1e6f9000 rw-p 00000000 00:00 0 
7f2c1e6f9000-7f2c1e6fc000 ---p 00000000 00:00 0 
7f2c1e6fc000-7f2c1e9fa000 rw-p 00000000 00:00 0 
7f2c1e9fa000-7f2c1ebfa000 rw-p 00000000 00:00 0 
7f2c1ebfa000-7f2c1edfa000 rw-p 00000000 00:00 0 
7f2c1edfa000-7f2c1effa000 rw-p 00000000 00:00 0 
7f2c1effa000-7f2c1f1fa000 rw-p 00000000 00:00 0 
7f2c1f1fa000-7f2c1f1fd000 ---p 00000000 00:00 0 
7f2c1f1fd000-7f2c1f2fb000 rw-p 00000000 00:00 0 
7f2c1f2fb000-7f2c1f2fe000 ---p 00000000 00:00 0 
7f2c1f2fe000-7f2c1f3fc000 rw-p 00000000 00:00 0 
7f2c1f3fc000-7f2c1f3ff000 ---p 00000000 00:00 0 
7f2c1f3ff000-7f2c1f6fd000 rw-p 00000000 00:00 0 
7f2c1f6fd000-7f2c1f8fd000 rw-p 00000000 00:00 0 
7f2c1f8fd000-7f2c1fafd000 rw-p 00000000 00:00 0 
7f2c1fafd000-7f2c1fb00000 ---p 00000000 00:00 0 
7f2c1fb00000-7f2c1fdfe000 rw-p 00000000 00:00 0 
7f2c1fdfe000-7f2c1fe01000 ---p 00000000 00:00 0 
7f2c1fe01000-7f2c1feff000 rw-p 00000000 00:00 0 
7f2c1feff000-7f2c1ff02000 ---p 00000000 00:00 0 
7f2c1ff02000-7f2c20000000 rw-p 00000000 00:00 0 
7f2c20000000-7f2c20021000 rw-p 00000000 00:00 0 
7f2c20021000-7f2c24000000 ---p 00000000 00:00 0 
7f2c24000000-7f2c24055000 rw-p 00000000 00:00 0 
7f2c24055000-7f2c28000000 ---p 00000000 00:00 0 
7f2c28000000-7f2c28021000 rw-p 00000000 00:00 0 
7f2c28021000-7f2c2c000000 ---p 00000000 00:00 0 
7f2c2c000000-7f2c2c021000 rw-p 00000000 00:00 0 
7f2c2c021000-7f2c30000000 ---p 00000000 00:00 0 
7f2c30000000-7f2c3002b000 rw-p 00000000 00:00 0 
7f2c3002b000-7f2c34000000 ---p 00000000 00:00 0 
7f2c34000000-7f2c34021000 rw-p 00000000 00:00 0 
7f2c34021000-7f2c38000000 ---p 00000000 00:00 0 
7f2c38000000-7f2c3802e000 rw-p 00000000 00:00 0 
7f2c3802e000-7f2c3c000000 ---p 00000000 00:00 0 
7f2c3c000000-7f2c3c6da000 rw-p 00000000 00:00 0 
7f2c3c6da000-7f2c40000000 ---p 00000000 00:00 0 
7f2c40000000-7f2c40021000 rw-p 00000000 00:00 0 
7f2c40021000-7f2c44000000 ---p 00000000 00:00 0 
7f2c44000000-7f2c44066000 rw-p 00000000 00:00 0 
7f2c44066000-7f2c48000000 ---p 00000000 00:00 0 
7f2c48000000-7f2c4836a000 rw-p 00000000 00:00 0 
7f2c4836a000-7f2c4c000000 ---p 00000000 00:00 0 
7f2c4c000000-7f2c4c0aa000 rw-p 00000000 00:00 0 
7f2c4c0aa000-7f2c50000000 ---p 00000000 00:00 0 
7f2c50000000-7f2c50021000 rw-p 00000000 00:00 0 
7f2c50021000-7f2c54000000 ---p 00000000 00:00 0 
7f2c54000000-7f2c54021000 rw-p 00000000 00:00 0 
7f2c54021000-7f2c58000000 ---p 00000000 00:00 0 
7f2c58000000-7f2c580b0000 rw-p 00000000 00:00 0 
7f2c580b0000-7f2c5c000000 ---p 00000000 00:00 0 
7f2c5c000000-7f2c5c021000 rw-p 00000000 00:00 0 
7f2c5c021000-7f2c60000000 ---p 00000000 00:00 0 
7f2c60000000-7f2c60021000 rw-p 00000000 00:00 0 
7f2c60021000-7f2c64000000 ---p 00000000 00:00 0 
7f2c640b9000-7f2c640cc000 r--s 0034b000 08:07 13112936                   /usr/lib/jvm/java-8-openjdk-amd64/jre/lib/resources.jar
7f2c640cc000-7f2c640d1000 r--s 002f9000 08:07 13111000                   /usr/lib/jvm/java-8-openjdk-amd64/jre/lib/charsets.jar
7f2c640d1000-7f2c640d4000 ---p 00000000 00:00 0 
7f2c640d4000-7f2c643d2000 rw-p 00000000 00:00 0 
7f2c643d2000-7f2c643d3000 ---p 00000000 00:00 0 
7f2c643d3000-7f2c644d3000 rw-p 00000000 00:00 0 
7f2c644d3000-7f2c644d6000 ---p 00000000 00:00 0 
7f2c644d6000-7f2c645d4000 rw-p 00000000 00:00 0 
7f2c645d4000-7f2c645d7000 ---p 00000000 00:00 0 
7f2c645d7000-7f2c646d5000 rw-p 00000000 00:00 0 
7f2c646d5000-7f2c646d8000 ---p 00000000 00:00 0 
7f2c646d8000-7f2c647d6000 rw-p 00000000 00:00 0 
7f2c647d6000-7f2c647e7000 r--s 001bc000 08:07 13112924                   /usr/lib/jvm/java-8-openjdk-amd64/jre/lib/jsse.jar
7f2c647e7000-7f2c6480f000 r--s 0012c000 08:07 23208316                   /home/ahasan/.m2/repository/org/springframework/boot/spring-boot-autoconfigure/2.2.5.BUILD-SNAPSHOT/spring-boot-autoconfigure-2.2.5.BUILD-SNAPSHOT.jar
7f2c6480f000-7f2c64826000 r--s 000e9000 08:07 23208315                   /home/ahasan/.m2/repository/org/springframework/boot/spring-boot/2.2.5.BUILD-SNAPSHOT/spring-boot-2.2.5.BUILD-SNAPSHOT.jar
7f2c64826000-7f2c6482c000 r--s 00030000 08:07 23469485                   /home/ahasan/.m2/repository/org/springframework/boot/spring-boot-devtools/2.2.5.BUILD-SNAPSHOT/spring-boot-devtools-2.2.5.BUILD-SNAPSHOT.jar
7f2c6482c000-7f2c6482e000 r--s 0000a000 08:07 23469500                   /home/ahasan/.m2/repository/org/springframework/spring-aspects/5.2.4.RELEASE/spring-aspects-5.2.4.RELEASE.jar
7f2c6482e000-7f2c64837000 r--s 00044000 08:07 23469498                   /home/ahasan/.m2/repository/org/springframework/spring-tx/5.2.4.RELEASE/spring-tx-5.2.4.RELEASE.jar
7f2c64837000-7f2c6483c000 r--s 0002d000 08:07 23469496                   /home/ahasan/.m2/repository/org/springframework/spring-orm/5.2.4.RELEASE/spring-orm-5.2.4.RELEASE.jar
7f2c6483c000-7f2c64855000 r--s 00110000 08:07 23469494                   /home/ahasan/.m2/repository/org/springframework/data/spring-data-commons/2.2.5.RELEASE/spring-data-commons-2.2.5.RELEASE.jar
7f2c64855000-7f2c6485d000 r--s 00052000 08:07 23469492                   /home/ahasan/.m2/repository/org/springframework/data/spring-data-jpa/2.2.5.RELEASE/spring-data-jpa-2.2.5.RELEASE.jar
7f2c6485d000-7f2c64862000 r--s 00049000 08:07 21104271                   /home/ahasan/.m2/repository/com/sun/xml/fastinfoset/FastInfoset/1.2.16/FastInfoset-1.2.16.jar
7f2c64862000-7f2c64864000 r--s 00008000 08:07 21104269                   /home/ahasan/.m2/repository/org/jvnet/staxex/stax-ex/1.8.1/stax-ex-1.8.1.jar
7f2c64864000-7f2c64866000 r--s 00005000 08:07 21104267                   /home/ahasan/.m2/repository/com/sun/istack/istack-commons-runtime/3.0.8/istack-commons-runtime-3.0.8.jar
7f2c64866000-7f2c64868000 r--s 00010000 08:07 21104265                   /home/ahasan/.m2/repository/org/glassfish/jaxb/txw2/2.3.2/txw2-2.3.2.jar
7f2c64868000-7f2c6487d000 r--s 000e3000 08:07 21104263                   /home/ahasan/.m2/repository/org/glassfish/jaxb/jaxb-runtime/2.3.2/jaxb-runtime-2.3.2.jar
7f2c6487d000-7f2c64880000 r--s 00010000 08:07 20842191                   /home/ahasan/.m2/repository/org/hibernate/common/hibernate-commons-annotations/5.1.0.Final/hibernate-commons-annotations-5.1.0.Final.jar
7f2c64880000-7f2c64885000 r--s 0004b000 08:07 19137382                   /home/ahasan/.m2/repository/org/dom4j/dom4j/2.1.1/dom4j-2.1.1.jar
7f2c64885000-7f2c64887000 r--s 0000f000 08:07 20842188                   /home/ahasan/.m2/repository/com/fasterxml/classmate/1.5.1/classmate-1.5.1.jar
7f2c64887000-7f2c6488a000 r--s 0002d000 08:07 21104261                   /home/ahasan/.m2/repository/org/jboss/jandex/2.1.1.Final/jandex-2.1.1.Final.jar
7f2c6488a000-7f2c6488f000 r--s 00068000 08:07 18744887                   /home/ahasan/.m2/repository/antlr/antlr/2.7.7/antlr-2.7.7.jar
7f2c6488f000-7f2c64899000 r--s 000b4000 08:07 20842184                   /home/ahasan/.m2/repository/org/javassist/javassist/3.24.0-GA/javassist-3.24.0-GA.jar
7f2c64899000-7f2c6489b000 r--s 0000d000 08:07 20842142                   /home/ahasan/.m2/repository/org/jboss/logging/jboss-logging/3.4.1.Final/jboss-logging-3.4.1.Final.jar
7f2c6489b000-7f2c64921000 r--s 00653000 08:07 23469515                   /home/ahasan/.m2/repository/org/hibernate/hibernate-core/5.4.12.Final/hibernate-core-5.4.12.Final.jar
7f2c64921000-7f2c64922000 r--s 00003000 08:07 20842178                   /home/ahasan/.m2/repository/jakarta/transaction/jakarta.transaction-api/1.3.3/jakarta.transaction-api-1.3.3.jar
7f2c64922000-7f2c64928000 r--s 00023000 08:07 20842180                   /home/ahasan/.m2/repository/jakarta/persistence/jakarta.persistence-api/2.2.3/jakarta.persistence-api-2.2.3.jar
7f2c64928000-7f2c6492a000 r--s 0000a000 08:07 20842220                   /home/ahasan/.m2/repository/jakarta/activation/jakarta.activation-api/1.2.2/jakarta.activation-api-1.2.2.jar
7f2c6492a000-7f2c64934000 r--s 0005a000 08:07 23469490                   /home/ahasan/.m2/repository/org/springframework/spring-jdbc/5.2.4.RELEASE/spring-jdbc-5.2.4.RELEASE.jar
7f2c64934000-7f2c64937000 r--s 00023000 08:07 18875406                   /home/ahasan/.m2/repository/com/zaxxer/HikariCP/3.4.2/HikariCP-3.4.2.jar
7f2c64937000-7f2c64938000 r--s 00000000 08:07 23469484                   /home/ahasan/.m2/repository/org/springframework/boot/spring-boot-starter-jdbc/2.2.5.BUILD-SNAPSHOT/spring-boot-starter-jdbc-2.2.5.BUILD-SNAPSHOT.jar
7f2c64938000-7f2c64951000 r--s 001da000 08:07 20975062                   /home/ahasan/.m2/repository/org/aspectj/aspectjweaver/1.9.5/aspectjweaver-1.9.5.jar
7f2c64951000-7f2c64952000 r--s 00000000 08:07 23469483                   /home/ahasan/.m2/repository/org/springframework/boot/spring-boot-starter-aop/2.2.5.BUILD-SNAPSHOT/spring-boot-starter-aop-2.2.5.BUILD-SNAPSHOT.jar
7f2c64952000-7f2c64953000 r--s 00000000 08:07 23469482                   /home/ahasan/.m2/repository/org/springframework/boot/spring-boot-starter-data-jpa/2.2.5.BUILD-SNAPSHOT/spring-boot-starter-data-jpa-2.2.5.BUILD-SNAPSHOT.jar
7f2c64953000-7f2c6496c000 r--s 00227000 08:07 21627355                   /home/ahasan/.m2/repository/mysql/mysql-connector-java/8.0.19/mysql-connector-java-8.0.19.jar
7f2c6496c000-7f2c6496d000 r--s 00005000 08:07 23208467                   /home/ahasan/.m2/repository/org/springframework/spring-jcl/5.2.4.RELEASE/spring-jcl-5.2.4.RELEASE.jar
7f2c6496d000-7f2c64989000 r--s 00145000 08:07 23208463                   /home/ahasan/.m2/repository/org/springframework/spring-core/5.2.4.RELEASE/spring-core-5.2.4.RELEASE.jar
7f2c64989000-7f2c649d1000 r--s 002eb000 08:07 23469511                   /home/ahasan/.m2/repository/net/bytebuddy/byte-buddy/1.10.8/byte-buddy-1.10.8.jar
7f2c649d1000-7f2c649d5000 r--s 00019000 08:07 21104213                   /home/ahasan/.m2/repository/jakarta/xml/bind/jakarta.xml.bind-api/2.3.2/jakarta.xml.bind-api-2.3.2.jar
7f2c649d5000-7f2c649d7000 r--s 00009000 08:07 20711585                   /home/ahasan/.m2/repository/org/slf4j/slf4j-api/1.7.30/slf4j-api-1.7.30.jar
7f2c649d7000-7f2c649dc000 r--s 00040000 08:07 23208458                   /home/ahasan/.m2/repository/org/springframework/spring-expression/5.2.4.RELEASE/spring-expression-5.2.4.RELEASE.jar
7f2c649dc000-7f2c649f8000 r--s 0010f000 08:07 23208443                   /home/ahasan/.m2/repository/org/springframework/spring-context/5.2.4.RELEASE/spring-context-5.2.4.RELEASE.jar
7f2c649f8000-7f2c64a02000 r--s 00052000 08:07 23208404                   /home/ahasan/.m2/repository/org/springframework/spring-aop/5.2.4.RELEASE/spring-aop-5.2.4.RELEASE.jar
7f2c64a02000-7f2c64a14000 r--s 000d6000 08:07 23469486                   /home/ahasan/.m2/repository/org/springframework/spring-webmvc/5.2.4.RELEASE/spring-webmvc-5.2.4.RELEASE.jar
7f2c64a14000-7f2c64a21000 r--s 0009b000 08:07 23208377                   /home/ahasan/.m2/repository/org/springframework/spring-beans/5.2.4.RELEASE/spring-beans-5.2.4.RELEASE.jar
7f2c64a21000-7f2c64a3e000 r--s 00142000 08:07 23208317                   /home/ahasan/.m2/repository/org/springframework/spring-web/5.2.4.RELEASE/spring-web-5.2.4.RELEASE.jar
7f2c64a3e000-7f2c64a5b000 r--s 000fe000 08:07 21104193                   /home/ahasan/.m2/repository/org/hibernate/validator/hibernate-validator/6.0.18.Final/hibernate-validator-6.0.18.Final.jar
7f2c64a5b000-7f2c64a60000 r--s 00012000 08:07 21104191                   /home/ahasan/.m2/repository/jakarta/validation/jakarta.validation-api/2.0.2/jakarta.validation-api-2.0.2.jar
7f2c64a60000-7f2c64a61000 r--s 00000000 08:07 23469478                   /home/ahasan/.m2/repository/org/springframework/boot/spring-boot-starter-validation/2.2.5.BUILD-SNAPSHOT/spring-boot-starter-validation-2.2.5.BUILD-SNAPSHOT.jar
7f2c64a61000-7f2c64a66000 r--s 0003c000 08:07 23469509                   /home/ahasan/.m2/repository/org/apache/tomcat/embed/tomcat-embed-websocket/9.0.31/tomcat-embed-websocket-9.0.31.jar
7f2c64a66000-7f2c64a6a000 r--s 0003a000 08:07 23469507                   /home/ahasan/.m2/repository/org/apache/tomcat/embed/tomcat-embed-el/9.0.31/tomcat-embed-el-9.0.31.jar
7f2c64a6a000-7f2c64a95000 r--s 00304000 08:07 23208473                   /home/ahasan/.m2/repository/org/apache/tomcat/embed/tomcat-embed-core/9.0.31/tomcat-embed-core-9.0.31.jar
7f2c64a95000-7f2c64a96000 r--s 00000000 08:07 23208314                   /home/ahasan/.m2/repository/org/springframework/boot/spring-boot-starter-tomcat/2.2.5.BUILD-SNAPSHOT/spring-boot-starter-tomcat-2.2.5.BUILD-SNAPSHOT.jar
7f2c64a96000-7f2c64a98000 r--s 00001000 08:07 21104179                   /home/ahasan/.m2/repository/com/fasterxml/jackson/module/jackson-module-parameter-names/2.10.2/jackson-module-parameter-names-2.10.2.jar
7f2c64a98000-7f2c64a9b000 r--s 00017000 08:07 21104177                   /home/ahasan/.m2/repository/com/fasterxml/jackson/datatype/jackson-datatype-jsr310/2.10.2/jackson-datatype-jsr310-2.10.2.jar
7f2c64a9b000-7f2c64a9d000 r--s 00007000 08:07 21104175                   /home/ahasan/.m2/repository/com/fasterxml/jackson/datatype/jackson-datatype-jdk8/2.10.2/jackson-datatype-jdk8-2.10.2.jar
7f2c64a9d000-7f2c64aa2000 r--s 00051000 08:07 21104173                   /home/ahasan/.m2/repository/com/fasterxml/jackson/core/jackson-core/2.10.2/jackson-core-2.10.2.jar
7f2c64aa2000-7f2c64aa5000 r--s 0000e000 08:07 21104171                   /home/ahasan/.m2/repository/com/fasterxml/jackson/core/jackson-annotations/2.10.2/jackson-annotations-2.10.2.jar
7f2c64aa5000-7f2c64aba000 r--s 00142000 08:07 21104169                   /home/ahasan/.m2/repository/com/fasterxml/jackson/core/jackson-databind/2.10.2/jackson-databind-2.10.2.jar
7f2c64aba000-7f2c64abb000 r--s 00000000 08:07 23208313                   /home/ahasan/.m2/repository/org/springframework/boot/spring-boot-starter-json/2.2.5.BUILD-SNAPSHOT/spring-boot-starter-json-2.2.5.BUILD-SNAPSHOT.jar
7f2c64abb000-7f2c64ac2000 r--s 00044000 08:07 20711821                   /home/ahasan/.m2/repository/org/yaml/snakeyaml/1.25/snakeyaml-1.25.jar
7f2c64ac2000-7f2c64ac4000 r--s 00005000 08:07 20842128                   /home/ahasan/.m2/repository/jakarta/annotation/jakarta.annotation-api/1.3.5/jakarta.annotation-api-1.3.5.jar
7f2c64ac4000-7f2c64ac6000 r--s 00000000 08:07 20711591                   /home/ahasan/.m2/repository/org/slf4j/jul-to-slf4j/1.7.30/jul-to-slf4j-1.7.30.jar
7f2c64ac6000-7f2c64acc000 r--s 0003e000 08:07 21104165                   /home/ahasan/.m2/repository/org/apache/logging/log4j/log4j-api/2.12.1/log4j-api-2.12.1.jar
7f2c64acc000-7f2c64ace000 r--s 00003000 08:07 21104163                   /home/ahasan/.m2/repository/org/apache/logging/log4j/log4j-to-slf4j/2.12.1/log4j-to-slf4j-2.12.1.jar
7f2c64ace000-7f2c64ad9000 r--s 00069000 08:07 18744851                   /home/ahasan/.m2/repository/ch/qos/logback/logback-core/1.2.3/logback-core-1.2.3.jar
7f2c64ad9000-7f2c64adf000 r--s 00041000 08:07 18744849                   /home/ahasan/.m2/repository/ch/qos/logback/logback-classic/1.2.3/logback-classic-1.2.3.jar
7f2c64adf000-7f2c64ae0000 r--s 00000000 08:07 23208312                   /home/ahasan/.m2/repository/org/springframework/boot/spring-boot-starter-logging/2.2.5.BUILD-SNAPSHOT/spring-boot-starter-logging-2.2.5.BUILD-SNAPSHOT.jar
7f2c64ae0000-7f2c64ae1000 r--s 00000000 08:07 23208311                   /home/ahasan/.m2/repository/org/springframework/boot/spring-boot-starter/2.2.5.BUILD-SNAPSHOT/spring-boot-starter-2.2.5.BUILD-SNAPSHOT.jar
7f2c64ae1000-7f2c64ae2000 r--s 00000000 08:07 23208310                   /home/ahasan/.m2/repository/org/springframework/boot/spring-boot-starter-web/2.2.5.BUILD-SNAPSHOT/spring-boot-starter-web-2.2.5.BUILD-SNAPSHOT.jar
7f2c64ae2000-7f2c64afd000 r--s 001d6000 08:07 13112893                   /usr/lib/jvm/java-8-openjdk-amd64/jre/lib/ext/nashorn.jar
7f2c64afd000-7f2c64aff000 r--s 00001000 08:07 13112883                   /usr/lib/jvm/java-8-openjdk-amd64/jre/lib/ext/dnsns.jar
7f2c64aff000-7f2c64b1a000 r--s 00394000 08:07 13112882                   /usr/lib/jvm/java-8-openjdk-amd64/jre/lib/ext/cldrdata.jar
7f2c64b1a000-7f2c64b1c000 r--p 00000000 08:07 13109391                   /usr/lib/x86_64-linux-gnu/libnss_dns-2.31.so
7f2c64b1c000-7f2c64b20000 r-xp 00002000 08:07 13109391                   /usr/lib/x86_64-linux-gnu/libnss_dns-2.31.so
7f2c64b20000-7f2c64b21000 r--p 00006000 08:07 13109391                   /usr/lib/x86_64-linux-gnu/libnss_dns-2.31.so
7f2c64b21000-7f2c64b22000 r--p 00006000 08:07 13109391                   /usr/lib/x86_64-linux-gnu/libnss_dns-2.31.so
7f2c64b22000-7f2c64b23000 rw-p 00007000 08:07 13109391                   /usr/lib/x86_64-linux-gnu/libnss_dns-2.31.so
7f2c64b23000-7f2c64b27000 r--p 00000000 08:07 13109402                   /usr/lib/x86_64-linux-gnu/libresolv-2.31.so
7f2c64b27000-7f2c64b37000 r-xp 00004000 08:07 13109402                   /usr/lib/x86_64-linux-gnu/libresolv-2.31.so
7f2c64b37000-7f2c64b3a000 r--p 00014000 08:07 13109402                   /usr/lib/x86_64-linux-gnu/libresolv-2.31.so
7f2c64b3a000-7f2c64b3b000 ---p 00017000 08:07 13109402                   /usr/lib/x86_64-linux-gnu/libresolv-2.31.so
7f2c64b3b000-7f2c64b3c000 r--p 00017000 08:07 13109402                   /usr/lib/x86_64-linux-gnu/libresolv-2.31.so
7f2c64b3c000-7f2c64b3d000 rw-p 00018000 08:07 13109402                   /usr/lib/x86_64-linux-gnu/libresolv-2.31.so
7f2c64b3d000-7f2c64b3f000 rw-p 00000000 00:00 0 
7f2c64b3f000-7f2c64b43000 r--s 00040000 08:07 13112897                   /usr/lib/jvm/java-8-openjdk-amd64/jre/lib/ext/sunpkcs11.jar
7f2c64b43000-7f2c64b49000 r--s 0003d000 08:07 13112896                   /usr/lib/jvm/java-8-openjdk-amd64/jre/lib/ext/sunjce_provider.jar
7f2c64b49000-7f2c64b53000 r--s 00117000 08:07 13112889                   /usr/lib/jvm/java-8-openjdk-amd64/jre/lib/ext/localedata.jar
7f2c64b53000-7f2c64b84000 rw-p 00000000 00:00 0 
7f2c64b84000-7f2c64b89000 r--p 00000000 08:07 13110988                   /usr/lib/jvm/java-8-openjdk-amd64/jre/lib/amd64/libnet.so
7f2c64b89000-7f2c64b9a000 r-xp 00005000 08:07 13110988                   /usr/lib/jvm/java-8-openjdk-amd64/jre/lib/amd64/libnet.so
7f2c64b9a000-7f2c64b9e000 r--p 00016000 08:07 13110988                   /usr/lib/jvm/java-8-openjdk-amd64/jre/lib/amd64/libnet.so
7f2c64b9e000-7f2c64b9f000 r--p 00019000 08:07 13110988                   /usr/lib/jvm/java-8-openjdk-amd64/jre/lib/amd64/libnet.so
7f2c64b9f000-7f2c64ba0000 rw-p 0001a000 08:07 13110988                   /usr/lib/jvm/java-8-openjdk-amd64/jre/lib/amd64/libnet.so
7f2c64ba0000-7f2c64ba7000 r--p 00000000 08:07 13110989                   /usr/lib/jvm/java-8-openjdk-amd64/jre/lib/amd64/libnio.so
7f2c64ba7000-7f2c64bb0000 r-xp 00007000 08:07 13110989                   /usr/lib/jvm/java-8-openjdk-amd64/jre/lib/amd64/libnio.so
7f2c64bb0000-7f2c64bb3000 r--p 00010000 08:07 13110989                   /usr/lib/jvm/java-8-openjdk-amd64/jre/lib/amd64/libnio.so
7f2c64bb3000-7f2c64bb4000 r--p 00012000 08:07 13110989                   /usr/lib/jvm/java-8-openjdk-amd64/jre/lib/amd64/libnio.so
7f2c64bb4000-7f2c64bb5000 rw-p 00013000 08:07 13110989                   /usr/lib/jvm/java-8-openjdk-amd64/jre/lib/amd64/libnio.so
7f2c64bb5000-7f2c64bb8000 ---p 00000000 00:00 0 
7f2c64bb8000-7f2c64cb6000 rw-p 00000000 00:00 0 
7f2c64cb6000-7f2c64cb7000 ---p 00000000 00:00 0 
7f2c64cb7000-7f2c64cba000 ---p 00000000 00:00 0 
7f2c64cba000-7f2c64db7000 rw-p 00000000 00:00 0 
7f2c64db7000-7f2c64db8000 ---p 00000000 00:00 0 
7f2c64db8000-7f2c64dbb000 ---p 00000000 00:00 0 
7f2c64dbb000-7f2c64eb8000 rw-p 00000000 00:00 0 
7f2c64eb8000-7f2c64eb9000 ---p 00000000 00:00 0 
7f2c64eb9000-7f2c64ebc000 ---p 00000000 00:00 0 
7f2c64ebc000-7f2c64fb9000 rw-p 00000000 00:00 0 
7f2c64fb9000-7f2c64fbc000 ---p 00000000 00:00 0 
7f2c64fbc000-7f2c650ba000 rw-p 00000000 00:00 0 
7f2c650ba000-7f2c650bd000 ---p 00000000 00:00 0 
7f2c650bd000-7f2c651bb000 rw-p 00000000 00:00 0 
7f2c651bb000-7f2c651be000 ---p 00000000 00:00 0 
7f2c651be000-7f2c652bc000 rw-p 00000000 00:00 0 
7f2c652bc000-7f2c652bf000 ---p 00000000 00:00 0 
7f2c652bf000-7f2c653bd000 rw-p 00000000 00:00 0 
7f2c653bd000-7f2c653c0000 ---p 00000000 00:00 0 
7f2c653c0000-7f2c654be000 rw-p 00000000 00:00 0 
7f2c654be000-7f2c654c1000 ---p 00000000 00:00 0 
7f2c654c1000-7f2c655bf000 rw-p 00000000 00:00 0 
7f2c655bf000-7f2c655c0000 ---p 00000000 00:00 0 
7f2c655c0000-7f2c6c000000 rw-p 00000000 00:00 0 
7f2c6c000000-7f2c6c021000 rw-p 00000000 00:00 0 
7f2c6c021000-7f2c70000000 ---p 00000000 00:00 0 
7f2c70000000-7f2c7002e000 rw-p 00000000 00:00 0 
7f2c7002e000-7f2c74000000 ---p 00000000 00:00 0 
7f2c74000000-7f2c74021000 rw-p 00000000 00:00 0 
7f2c74021000-7f2c78000000 ---p 00000000 00:00 0 
7f2c78000000-7f2c78002000 r--s 0000c000 08:07 13896189                   /usr/share/java/java-atk-wrapper.jar
7f2c78002000-7f2c78003000 r--s 0000a000 08:07 13112887                   /usr/lib/jvm/java-8-openjdk-amd64/jre/lib/ext/jaccess.jar
7f2c78003000-7f2c78006000 r--s 0000f000 08:07 13112885                   /usr/lib/jvm/java-8-openjdk-amd64/jre/lib/ext/icedtea-sound.jar
7f2c78006000-7f2c7800a000 r--p 00000000 08:07 13110986                   /usr/lib/jvm/java-8-openjdk-amd64/jre/lib/amd64/libmanagement.so
7f2c7800a000-7f2c7800e000 r-xp 00004000 08:07 13110986                   /usr/lib/jvm/java-8-openjdk-amd64/jre/lib/amd64/libmanagement.so
7f2c7800e000-7f2c78010000 r--p 00008000 08:07 13110986                   /usr/lib/jvm/java-8-openjdk-amd64/jre/lib/amd64/libmanagement.so
7f2c78010000-7f2c78011000 r--p 00009000 08:07 13110986                   /usr/lib/jvm/java-8-openjdk-amd64/jre/lib/amd64/libmanagement.so
7f2c78011000-7f2c78012000 rw-p 0000a000 08:07 13110986                   /usr/lib/jvm/java-8-openjdk-amd64/jre/lib/amd64/libmanagement.so
7f2c78012000-7f2c79000000 rw-p 00000000 00:00 0 
7f2c79000000-7f2c79da0000 rwxp 00000000 00:00 0 
7f2c79da0000-7f2c88000000 ---p 00000000 00:00 0 
7f2c88000000-7f2c887b3000 rw-p 00000000 00:00 0 
7f2c887b3000-7f2c8c000000 ---p 00000000 00:00 0 
7f2c8c000000-7f2c8c002000 r--s 00010000 08:07 13112898                   /usr/lib/jvm/java-8-openjdk-amd64/jre/lib/ext/zipfs.jar
7f2c8c002000-7f2c8c003000 r--s 0000d000 08:07 13112895                   /usr/lib/jvm/java-8-openjdk-amd64/jre/lib/ext/sunec.jar
7f2c8c003000-7f2c8c004000 r--p 00000000 08:07 13115389                   /usr/lib/x86_64-linux-gnu/libnss_mdns4_minimal.so.2
7f2c8c004000-7f2c8c006000 r-xp 00001000 08:07 13115389                   /usr/lib/x86_64-linux-gnu/libnss_mdns4_minimal.so.2
7f2c8c006000-7f2c8c007000 r--p 00003000 08:07 13115389                   /usr/lib/x86_64-linux-gnu/libnss_mdns4_minimal.so.2
7f2c8c007000-7f2c8c008000 r--p 00003000 08:07 13115389                   /usr/lib/x86_64-linux-gnu/libnss_mdns4_minimal.so.2
7f2c8c008000-7f2c8c009000 rw-p 00004000 08:07 13115389                   /usr/lib/x86_64-linux-gnu/libnss_mdns4_minimal.so.2
7f2c8c009000-7f2c8c00f000 r--s 000d3000 08:07 13112923                   /usr/lib/jvm/java-8-openjdk-amd64/jre/lib/jfr.jar
7f2c8c00f000-7f2c8c011000 r--p 00000000 08:07 13110367                   /usr/lib/jvm/java-8-openjdk-amd64/jre/lib/amd64/libdt_socket.so
7f2c8c011000-7f2c8c013000 r-xp 00002000 08:07 13110367                   /usr/lib/jvm/java-8-openjdk-amd64/jre/lib/amd64/libdt_socket.so
7f2c8c013000-7f2c8c014000 r--p 00004000 08:07 13110367                   /usr/lib/jvm/java-8-openjdk-amd64/jre/lib/amd64/libdt_socket.so
7f2c8c014000-7f2c8c015000 r--p 00004000 08:07 13110367                   /usr/lib/jvm/java-8-openjdk-amd64/jre/lib/amd64/libdt_socket.so
7f2c8c015000-7f2c8c016000 rw-p 00005000 08:07 13110367                   /usr/lib/jvm/java-8-openjdk-amd64/jre/lib/amd64/libdt_socket.so
7f2c8c016000-7f2c8c165000 rw-p 00000000 00:00 0 
7f2c8c165000-7f2c8c336000 r--s 03c94000 08:07 13112937                   /usr/lib/jvm/java-8-openjdk-amd64/jre/lib/rt.jar
7f2c8c336000-7f2c8c469000 rw-p 00000000 00:00 0 
7f2c8c469000-7f2c8c46a000 ---p 00000000 00:00 0 
7f2c8c46a000-7f2c8c56a000 rw-p 00000000 00:00 0 
7f2c8c56a000-7f2c8c56b000 ---p 00000000 00:00 0 
7f2c8c56b000-7f2c8c66b000 rw-p 00000000 00:00 0 
7f2c8c66b000-7f2c8c66c000 ---p 00000000 00:00 0 
7f2c8c66c000-7f2c8c76c000 rw-p 00000000 00:00 0 
7f2c8c76c000-7f2c8c76d000 ---p 00000000 00:00 0 
7f2c8c76d000-7f2c8c8b0000 rw-p 00000000 00:00 0 
7f2c8c8b0000-7f2c8cc4a000 ---p 00000000 00:00 0 
7f2c8cc4a000-7f2c8cc8d000 rw-p 00000000 00:00 0 
7f2c8cc8d000-7f2c8d026000 ---p 00000000 00:00 0 
7f2c8d026000-7f2c8d0f2000 rw-p 00000000 00:00 0 
7f2c8d0f2000-7f2c8d215000 ---p 00000000 00:00 0 
7f2c8d215000-7f2c8d24d000 rw-p 00000000 00:00 0 
7f2c8d24d000-7f2c8d5d6000 ---p 00000000 00:00 0 
7f2c8d5d6000-7f2c8d5d9000 r--p 00000000 08:07 13109392                   /usr/lib/x86_64-linux-gnu/libnss_files-2.31.so
7f2c8d5d9000-7f2c8d5e0000 r-xp 00003000 08:07 13109392                   /usr/lib/x86_64-linux-gnu/libnss_files-2.31.so
7f2c8d5e0000-7f2c8d5e2000 r--p 0000a000 08:07 13109392                   /usr/lib/x86_64-linux-gnu/libnss_files-2.31.so
7f2c8d5e2000-7f2c8d5e3000 r--p 0000b000 08:07 13109392                   /usr/lib/x86_64-linux-gnu/libnss_files-2.31.so
7f2c8d5e3000-7f2c8d5e4000 rw-p 0000c000 08:07 13109392                   /usr/lib/x86_64-linux-gnu/libnss_files-2.31.so
7f2c8d5e4000-7f2c8d5ea000 rw-p 00000000 00:00 0 
7f2c8d5ea000-7f2c8d5ed000 r--p 00000000 08:07 13110996                   /usr/lib/jvm/java-8-openjdk-amd64/jre/lib/amd64/libzip.so
7f2c8d5ed000-7f2c8d5f2000 r-xp 00003000 08:07 13110996                   /usr/lib/jvm/java-8-openjdk-amd64/jre/lib/amd64/libzip.so
7f2c8d5f2000-7f2c8d5f4000 r--p 00008000 08:07 13110996                   /usr/lib/jvm/java-8-openjdk-amd64/jre/lib/amd64/libzip.so
7f2c8d5f4000-7f2c8d5f5000 r--p 00009000 08:07 13110996                   /usr/lib/jvm/java-8-openjdk-amd64/jre/lib/amd64/libzip.so
7f2c8d5f5000-7f2c8d5f6000 rw-p 0000a000 08:07 13110996                   /usr/lib/jvm/java-8-openjdk-amd64/jre/lib/amd64/libzip.so
7f2c8d5f6000-7f2c8d5fe000 rw-s 00000000 08:07 12846940                   /tmp/hsperfdata_ahasan/24370
7f2c8d5fe000-7f2c8dbc3000 r--p 00000000 08:07 13107220                   /usr/lib/locale/locale-archive
7f2c8dbc3000-7f2c8dbc4000 r--p 00000000 08:07 13110990                   /usr/lib/jvm/java-8-openjdk-amd64/jre/lib/amd64/libnpt.so
7f2c8dbc4000-7f2c8dbc6000 r-xp 00001000 08:07 13110990                   /usr/lib/jvm/java-8-openjdk-amd64/jre/lib/amd64/libnpt.so
7f2c8dbc6000-7f2c8dbc7000 r--p 00003000 08:07 13110990                   /usr/lib/jvm/java-8-openjdk-amd64/jre/lib/amd64/libnpt.so
7f2c8dbc7000-7f2c8dbc8000 r--p 00003000 08:07 13110990                   /usr/lib/jvm/java-8-openjdk-amd64/jre/lib/amd64/libnpt.so
7f2c8dbc8000-7f2c8dbc9000 rw-p 00004000 08:07 13110990                   /usr/lib/jvm/java-8-openjdk-amd64/jre/lib/amd64/libnpt.so
7f2c8dbc9000-7f2c8dbcb000 r--p 00000000 08:07 13110382                   /usr/lib/jvm/java-8-openjdk-amd64/jre/lib/amd64/libjdwp.so
7f2c8dbcb000-7f2c8dbf7000 r-xp 00002000 08:07 13110382                   /usr/lib/jvm/java-8-openjdk-amd64/jre/lib/amd64/libjdwp.so
7f2c8dbf7000-7f2c8dc04000 r--p 0002e000 08:07 13110382                   /usr/lib/jvm/java-8-openjdk-amd64/jre/lib/amd64/libjdwp.so
7f2c8dc04000-7f2c8dc05000 r--p 0003a000 08:07 13110382                   /usr/lib/jvm/java-8-openjdk-amd64/jre/lib/amd64/libjdwp.so
7f2c8dc05000-7f2c8dc06000 rw-p 0003b000 08:07 13110382                   /usr/lib/jvm/java-8-openjdk-amd64/jre/lib/amd64/libjdwp.so
7f2c8dc06000-7f2c8dc13000 r--p 00000000 08:07 13110375                   /usr/lib/jvm/java-8-openjdk-amd64/jre/lib/amd64/libjava.so
7f2c8dc13000-7f2c8dc2b000 r-xp 0000d000 08:07 13110375                   /usr/lib/jvm/java-8-openjdk-amd64/jre/lib/amd64/libjava.so
7f2c8dc2b000-7f2c8dc32000 r--p 00025000 08:07 13110375                   /usr/lib/jvm/java-8-openjdk-amd64/jre/lib/amd64/libjava.so
7f2c8dc32000-7f2c8dc33000 r--p 0002b000 08:07 13110375                   /usr/lib/jvm/java-8-openjdk-amd64/jre/lib/amd64/libjava.so
7f2c8dc33000-7f2c8dc35000 rw-p 0002c000 08:07 13110375                   /usr/lib/jvm/java-8-openjdk-amd64/jre/lib/amd64/libjava.so
7f2c8dc35000-7f2c8dc38000 r--p 00000000 08:07 13109403                   /usr/lib/x86_64-linux-gnu/librt-2.31.so
7f2c8dc38000-7f2c8dc3c000 r-xp 00003000 08:07 13109403                   /usr/lib/x86_64-linux-gnu/librt-2.31.so
7f2c8dc3c000-7f2c8dc3d000 r--p 00007000 08:07 13109403                   /usr/lib/x86_64-linux-gnu/librt-2.31.so
7f2c8dc3d000-7f2c8dc3e000 ---p 00008000 08:07 13109403                   /usr/lib/x86_64-linux-gnu/librt-2.31.so
7f2c8dc3e000-7f2c8dc3f000 r--p 00008000 08:07 13109403                   /usr/lib/x86_64-linux-gnu/librt-2.31.so
7f2c8dc3f000-7f2c8dc40000 rw-p 00009000 08:07 13109403                   /usr/lib/x86_64-linux-gnu/librt-2.31.so
7f2c8dc40000-7f2c8dc41000 ---p 00000000 00:00 0 
7f2c8dc41000-7f2c8dc44000 ---p 00000000 00:00 0 
7f2c8dc44000-7f2c8dd41000 rw-p 00000000 00:00 0 
7f2c8dd41000-7f2c8dd44000 r--p 00000000 08:07 13109375                   /usr/lib/x86_64-linux-gnu/libgcc_s.so.1
7f2c8dd44000-7f2c8dd56000 r-xp 00003000 08:07 13109375                   /usr/lib/x86_64-linux-gnu/libgcc_s.so.1
7f2c8dd56000-7f2c8dd5a000 r--p 00015000 08:07 13109375                   /usr/lib/x86_64-linux-gnu/libgcc_s.so.1
7f2c8dd5a000-7f2c8dd5b000 r--p 00018000 08:07 13109375                   /usr/lib/x86_64-linux-gnu/libgcc_s.so.1
7f2c8dd5b000-7f2c8dd5c000 rw-p 00019000 08:07 13109375                   /usr/lib/x86_64-linux-gnu/libgcc_s.so.1
7f2c8dd5c000-7f2c8dd6b000 r--p 00000000 08:07 13109386                   /usr/lib/x86_64-linux-gnu/libm-2.31.so
7f2c8dd6b000-7f2c8de12000 r-xp 0000f000 08:07 13109386                   /usr/lib/x86_64-linux-gnu/libm-2.31.so
7f2c8de12000-7f2c8dea9000 r--p 000b6000 08:07 13109386                   /usr/lib/x86_64-linux-gnu/libm-2.31.so
7f2c8dea9000-7f2c8deaa000 r--p 0014c000 08:07 13109386                   /usr/lib/x86_64-linux-gnu/libm-2.31.so
7f2c8deaa000-7f2c8deab000 rw-p 0014d000 08:07 13109386                   /usr/lib/x86_64-linux-gnu/libm-2.31.so
7f2c8deab000-7f2c8df41000 r--p 00000000 08:07 13109378                   /usr/lib/x86_64-linux-gnu/libstdc++.so.6.0.28
7f2c8df41000-7f2c8e031000 r-xp 00096000 08:07 13109378                   /usr/lib/x86_64-linux-gnu/libstdc++.so.6.0.28
7f2c8e031000-7f2c8e07a000 r--p 00186000 08:07 13109378                   /usr/lib/x86_64-linux-gnu/libstdc++.so.6.0.28
7f2c8e07a000-7f2c8e07b000 ---p 001cf000 08:07 13109378                   /usr/lib/x86_64-linux-gnu/libstdc++.so.6.0.28
7f2c8e07b000-7f2c8e086000 r--p 001cf000 08:07 13109378                   /usr/lib/x86_64-linux-gnu/libstdc++.so.6.0.28
7f2c8e086000-7f2c8e089000 rw-p 001da000 08:07 13109378                   /usr/lib/x86_64-linux-gnu/libstdc++.so.6.0.28
7f2c8e089000-7f2c8e08c000 rw-p 00000000 00:00 0 
7f2c8e08c000-7f2c8e281000 r--p 00000000 08:07 13110998                   /usr/lib/jvm/java-8-openjdk-amd64/jre/lib/amd64/server/libjvm.so
7f2c8e281000-7f2c8ebe7000 r-xp 001f5000 08:07 13110998                   /usr/lib/jvm/java-8-openjdk-amd64/jre/lib/amd64/server/libjvm.so
7f2c8ebe7000-7f2c8ed98000 r--p 00b5b000 08:07 13110998                   /usr/lib/jvm/java-8-openjdk-amd64/jre/lib/amd64/server/libjvm.so
7f2c8ed98000-7f2c8ee2e000 r--p 00d0b000 08:07 13110998                   /usr/lib/jvm/java-8-openjdk-amd64/jre/lib/amd64/server/libjvm.so
7f2c8ee2e000-7f2c8ee57000 rw-p 00da1000 08:07 13110998                   /usr/lib/jvm/java-8-openjdk-amd64/jre/lib/amd64/server/libjvm.so
7f2c8ee57000-7f2c8ee8c000 rw-p 00000000 00:00 0 
7f2c8ee8c000-7f2c8ee93000 r--p 00000000 08:07 13109401                   /usr/lib/x86_64-linux-gnu/libpthread-2.31.so
7f2c8ee93000-7f2c8eea4000 r-xp 00007000 08:07 13109401                   /usr/lib/x86_64-linux-gnu/libpthread-2.31.so
7f2c8eea4000-7f2c8eea9000 r--p 00018000 08:07 13109401                   /usr/lib/x86_64-linux-gnu/libpthread-2.31.so
7f2c8eea9000-7f2c8eeaa000 r--p 0001c000 08:07 13109401                   /usr/lib/x86_64-linux-gnu/libpthread-2.31.so
7f2c8eeaa000-7f2c8eeab000 rw-p 0001d000 08:07 13109401                   /usr/lib/x86_64-linux-gnu/libpthread-2.31.so
7f2c8eeab000-7f2c8eeaf000 rw-p 00000000 00:00 0 
7f2c8eeaf000-7f2c8eeb0000 r--p 00000000 08:07 13109385                   /usr/lib/x86_64-linux-gnu/libdl-2.31.so
7f2c8eeb0000-7f2c8eeb2000 r-xp 00001000 08:07 13109385                   /usr/lib/x86_64-linux-gnu/libdl-2.31.so
7f2c8eeb2000-7f2c8eeb3000 r--p 00003000 08:07 13109385                   /usr/lib/x86_64-linux-gnu/libdl-2.31.so
7f2c8eeb3000-7f2c8eeb4000 r--p 00003000 08:07 13109385                   /usr/lib/x86_64-linux-gnu/libdl-2.31.so
7f2c8eeb4000-7f2c8eeb5000 rw-p 00004000 08:07 13109385                   /usr/lib/x86_64-linux-gnu/libdl-2.31.so
7f2c8eeb5000-7f2c8eeb7000 r--p 00000000 08:07 13108366                   /usr/lib/x86_64-linux-gnu/libz.so.1.2.11
7f2c8eeb7000-7f2c8eec8000 r-xp 00002000 08:07 13108366                   /usr/lib/x86_64-linux-gnu/libz.so.1.2.11
7f2c8eec8000-7f2c8eece000 r--p 00013000 08:07 13108366                   /usr/lib/x86_64-linux-gnu/libz.so.1.2.11
7f2c8eece000-7f2c8eecf000 ---p 00019000 08:07 13108366                   /usr/lib/x86_64-linux-gnu/libz.so.1.2.11
7f2c8eecf000-7f2c8eed0000 r--p 00019000 08:07 13108366                   /usr/lib/x86_64-linux-gnu/libz.so.1.2.11
7f2c8eed0000-7f2c8eed1000 rw-p 0001a000 08:07 13108366                   /usr/lib/x86_64-linux-gnu/libz.so.1.2.11
7f2c8eed1000-7f2c8eef6000 r--p 00000000 08:07 13109384                   /usr/lib/x86_64-linux-gnu/libc-2.31.so
7f2c8eef6000-7f2c8f06e000 r-xp 00025000 08:07 13109384                   /usr/lib/x86_64-linux-gnu/libc-2.31.so
7f2c8f06e000-7f2c8f0b8000 r--p 0019d000 08:07 13109384                   /usr/lib/x86_64-linux-gnu/libc-2.31.so
7f2c8f0b8000-7f2c8f0b9000 ---p 001e7000 08:07 13109384                   /usr/lib/x86_64-linux-gnu/libc-2.31.so
7f2c8f0b9000-7f2c8f0bc000 r--p 001e7000 08:07 13109384                   /usr/lib/x86_64-linux-gnu/libc-2.31.so
7f2c8f0bc000-7f2c8f0bf000 rw-p 001ea000 08:07 13109384                   /usr/lib/x86_64-linux-gnu/libc-2.31.so
7f2c8f0bf000-7f2c8f0c4000 rw-p 00000000 00:00 0 
7f2c8f0c4000-7f2c8f0c9000 r--p 00000000 08:07 13110995                   /usr/lib/jvm/java-8-openjdk-amd64/jre/lib/amd64/libverify.so
7f2c8f0c9000-7f2c8f0d2000 r-xp 00005000 08:07 13110995                   /usr/lib/jvm/java-8-openjdk-amd64/jre/lib/amd64/libverify.so
7f2c8f0d2000-7f2c8f0d4000 r--p 0000e000 08:07 13110995                   /usr/lib/jvm/java-8-openjdk-amd64/jre/lib/amd64/libverify.so
7f2c8f0d4000-7f2c8f0d6000 r--p 0000f000 08:07 13110995                   /usr/lib/jvm/java-8-openjdk-amd64/jre/lib/amd64/libverify.so
7f2c8f0d6000-7f2c8f0d7000 rw-p 00011000 08:07 13110995                   /usr/lib/jvm/java-8-openjdk-amd64/jre/lib/amd64/libverify.so
7f2c8f0d7000-7f2c8f0da000 r--p 00000000 08:07 13110361                   /usr/lib/jvm/java-8-openjdk-amd64/jre/lib/amd64/jli/libjli.so
7f2c8f0da000-7f2c8f0e4000 r-xp 00003000 08:07 13110361                   /usr/lib/jvm/java-8-openjdk-amd64/jre/lib/amd64/jli/libjli.so
7f2c8f0e4000-7f2c8f0e7000 r--p 0000d000 08:07 13110361                   /usr/lib/jvm/java-8-openjdk-amd64/jre/lib/amd64/jli/libjli.so
7f2c8f0e7000-7f2c8f0e8000 r--p 0000f000 08:07 13110361                   /usr/lib/jvm/java-8-openjdk-amd64/jre/lib/amd64/jli/libjli.so
7f2c8f0e8000-7f2c8f0e9000 rw-p 00010000 08:07 13110361                   /usr/lib/jvm/java-8-openjdk-amd64/jre/lib/amd64/jli/libjli.so
7f2c8f0e9000-7f2c8f0eb000 rw-p 00000000 00:00 0 
7f2c8f0eb000-7f2c8f0ee000 r--p 00000000 00:00 0                          [vvar]
7f2c8f0ee000-7f2c8f0ef000 r-xp 00000000 00:00 0                          [vdso]
7f2c8f0ef000-7f2c8f0f0000 r--p 00000000 08:07 13109380                   /usr/lib/x86_64-linux-gnu/ld-2.31.so
7f2c8f0f0000-7f2c8f113000 r-xp 00001000 08:07 13109380                   /usr/lib/x86_64-linux-gnu/ld-2.31.so
7f2c8f113000-7f2c8f11b000 r--p 00024000 08:07 13109380                   /usr/lib/x86_64-linux-gnu/ld-2.31.so
7f2c8f11b000-7f2c8f11c000 ---p 00000000 00:00 0 
7f2c8f11c000-7f2c8f11d000 r--p 0002c000 08:07 13109380                   /usr/lib/x86_64-linux-gnu/ld-2.31.so
7f2c8f11d000-7f2c8f11e000 rw-p 0002d000 08:07 13109380                   /usr/lib/x86_64-linux-gnu/ld-2.31.so
7f2c8f11e000-7f2c8f11f000 rw-p 00000000 00:00 0 
7ffe6cd8e000-7ffe6cdb1000 rw-p 00000000 00:00 0                          [stack]
ffffffffff600000-ffffffffff601000 --xp 00000000 00:00 0                  [vsyscall]

VM Arguments:
jvm_args: -agentlib:jdwp=transport=dt_socket,suspend=y,address=localhost:34875 -Dcom.sun.management.jmxremote -Dcom.sun.management.jmxremote.port=45385 -Dcom.sun.management.jmxremote.authenticate=false -Dcom.sun.management.jmxremote.ssl=false -Djava.rmi.server.hostname=localhost -Dspring.jmx.enabled=true -Dspring.application.admin.enabled=true -Djava.security.egd=file:/dev/./urandom -Xverify:none -XX:TieredStopAtLevel=1 -Dspring.boot.project.name=spring-boot-rest-curd -Dfile.encoding=UTF-8 
java_command: com.ahasan.rest.ApplicationRunner --spring.output.ansi.enabled=always
java_class_path (initial): /u01/github/cloud-workspace/spring-boot-rest-jpa-mysql/spring-boot-rest-curd/target/classes:/home/ahasan/.m2/repository/org/springframework/boot/spring-boot-starter-web/2.2.5.BUILD-SNAPSHOT/spring-boot-starter-web-2.2.5.BUILD-SNAPSHOT.jar:/home/ahasan/.m2/repository/org/springframework/boot/spring-boot-starter/2.2.5.BUILD-SNAPSHOT/spring-boot-starter-2.2.5.BUILD-SNAPSHOT.jar:/home/ahasan/.m2/repository/org/springframework/boot/spring-boot-starter-logging/2.2.5.BUILD-SNAPSHOT/spring-boot-starter-logging-2.2.5.BUILD-SNAPSHOT.jar:/home/ahasan/.m2/repository/ch/qos/logback/logback-classic/1.2.3/logback-classic-1.2.3.jar:/home/ahasan/.m2/repository/ch/qos/logback/logback-core/1.2.3/logback-core-1.2.3.jar:/home/ahasan/.m2/repository/org/apache/logging/log4j/log4j-to-slf4j/2.12.1/log4j-to-slf4j-2.12.1.jar:/home/ahasan/.m2/repository/org/apache/logging/log4j/log4j-api/2.12.1/log4j-api-2.12.1.jar:/home/ahasan/.m2/repository/org/slf4j/jul-to-slf4j/1.7.30/jul-to-slf4j-1.7.30.jar:/home/ahasan/.m2/repository/jakarta/annotation/jakarta.annotation-api/1.3.5/jakarta.annotation-api-1.3.5.jar:/home/ahasan/.m2/repository/org/yaml/snakeyaml/1.25/snakeyaml-1.25.jar:/home/ahasan/.m2/repository/org/springframework/boot/spring-boot-starter-json/2.2.5.BUILD-SNAPSHOT/spring-boot-starter-json-2.2.5.BUILD-SNAPSHOT.jar:/home/ahasan/.m2/repository/com/fasterxml/jackson/core/jackson-databind/2.10.2/jackson-databind-2.10.2.jar:/home/ahasan/.m2/repository/com/fasterxml/jackson/core/jackson-annotations/2.10.2/jackson-annotations-2.10.2.jar:/home/ahasan/.m2/repository/com/fasterxml/jackson/core/jackson-core/2.10.2/jackson-core-2.10.2.jar:/home/ahasan/.m2/repository/com/fasterxml/jackson/datatype/jackson-datatype-jdk8/2.10.2/jackson-datatype-jdk8-2.10.2.jar:/home/ahasan/.m2/repository/com/fasterxml/jackson/datatype/jackson-datatype-jsr310/2.10.2/jackson-datatype-jsr310-2.10.2.jar:/home/ahasan/.m2/repository/com/fasterxml/jackson/module/jackson-module-parameter-names/2.10.2
Launcher Type: SUN_STANDARD

Environment Variables:
PATH=/usr/local/sbin:/usr/local/bin:/usr/sbin:/usr/bin:/sbin:/bin:/usr/games:/usr/local/games:/snap/bin
USERNAME=ahasan
LD_LIBRARY_PATH=:/usr/lib/outputmessenger/Java
SHELL=/bin/bash
DISPLAY=:0

Signal Handlers:
SIGSEGV: [libjvm.so+0xb34620], sa_mask[0]=11111111011111111101111111111110, sa_flags=SA_RESTART|SA_SIGINFO
SIGBUS: [libjvm.so+0xb34620], sa_mask[0]=11111111011111111101111111111110, sa_flags=SA_RESTART|SA_SIGINFO
SIGFPE: [libjvm.so+0x979be0], sa_mask[0]=11111111011111111101111111111110, sa_flags=SA_RESTART|SA_SIGINFO
SIGPIPE: [libjvm.so+0x979be0], sa_mask[0]=11111111011111111101111111111110, sa_flags=SA_RESTART|SA_SIGINFO
SIGXFSZ: [libjvm.so+0x979be0], sa_mask[0]=11111111011111111101111111111110, sa_flags=SA_RESTART|SA_SIGINFO
SIGILL: [libjvm.so+0x979be0], sa_mask[0]=11111111011111111101111111111110, sa_flags=SA_RESTART|SA_SIGINFO
SIGUSR1: SIG_DFL, sa_mask[0]=00000000000000000000000000000000, sa_flags=none
SIGUSR2: [libjvm.so+0x979a90], sa_mask[0]=00100000000000000000000000000000, sa_flags=SA_RESTART|SA_SIGINFO
SIGHUP: [libjvm.so+0x979e60], sa_mask[0]=11111111011111111101111111111110, sa_flags=SA_RESTART|SA_SIGINFO
SIGINT: [libjvm.so+0x979e60], sa_mask[0]=11111111011111111101111111111110, sa_flags=SA_RESTART|SA_SIGINFO
SIGTERM: [libjvm.so+0x979e60], sa_mask[0]=11111111011111111101111111111110, sa_flags=SA_RESTART|SA_SIGINFO
SIGQUIT: [libjvm.so+0x979e60], sa_mask[0]=11111111011111111101111111111110, sa_flags=SA_RESTART|SA_SIGINFO


---------------  S Y S T E M  ---------------

OS:DISTRIB_ID=Ubuntu
DISTRIB_RELEASE=20.04
DISTRIB_CODENAME=focal
DISTRIB_DESCRIPTION="Ubuntu 20.04.1 LTS"

uname:Linux 5.4.0-54-generic #60-Ubuntu SMP Fri Nov 6 10:37:59 UTC 2020 x86_64
libc:glibc 2.31 NPTL 2.31 
rlimit: STACK 8192k, CORE 0k, NPROC 47225, NOFILE 1048576, AS infinity
load average:0.83 0.85 0.75

/proc/meminfo:
MemTotal:       12146108 kB
MemFree:          951456 kB
MemAvailable:    4558064 kB
Buffers:          508608 kB
Cached:          3750092 kB
SwapCached:          192 kB
Active:          8138692 kB
Inactive:        2125672 kB
Active(anon):    6110084 kB
Inactive(anon):   553224 kB
Active(file):    2028608 kB
Inactive(file):  1572448 kB
Unevictable:      317968 kB
Mlocked:              80 kB
SwapTotal:      23999484 kB
SwapFree:       23998448 kB
Dirty:               664 kB
Writeback:             0 kB
AnonPages:       6323856 kB
Mapped:          1199452 kB
Shmem:            682472 kB
KReclaimable:     325544 kB
Slab:             467580 kB
SReclaimable:     325544 kB
SUnreclaim:       142036 kB
KernelStack:       20352 kB
PageTables:        61640 kB
NFS_Unstable:          0 kB
Bounce:                0 kB
WritebackTmp:          0 kB
CommitLimit:    30072536 kB
Committed_AS:   17432680 kB
VmallocTotal:   34359738367 kB
VmallocUsed:       37956 kB
VmallocChunk:          0 kB
Percpu:             3360 kB
HardwareCorrupted:     0 kB
AnonHugePages:         0 kB
ShmemHugePages:        0 kB
ShmemPmdMapped:        0 kB
FileHugePages:         0 kB
FilePmdMapped:         0 kB
CmaTotal:              0 kB
CmaFree:               0 kB
HugePages_Total:       0
HugePages_Free:        0
HugePages_Rsvd:        0
HugePages_Surp:        0
Hugepagesize:       2048 kB
Hugetlb:               0 kB
DirectMap4k:      433768 kB
DirectMap2M:    12025856 kB
DirectMap1G:     1048576 kB

container (cgroup) information:
container_type: cgroupv1
cpu_cpuset_cpus: 0-3
cpu_memory_nodes: 0
active_processor_count: 4
cpu_quota: -1
cpu_period: 100000
cpu_shares: -1
memory_limit_in_bytes: -1
memory_and_swap_limit_in_bytes: -2
memory_soft_limit_in_bytes: -1
memory_usage_in_bytes: 8655110144
memory_max_usage_in_bytes: 9598873600


CPU:total 4 (initial active 4) (4 cores per cpu, 1 threads per core) family 6 model 158 stepping 9, cmov, cx8, fxsr, mmx, sse, sse2, sse3, ssse3, sse4.1, sse4.2, popcnt, avx, avx2, aes, clmul, erms, rtm, 3dnowpref, lzcnt, tsc, tscinvbit, bmi1, bmi2, adx

/proc/cpuinfo:
processor	: 0
vendor_id	: GenuineIntel
cpu family	: 6
model		: 158
model name	: Intel(R) Core(TM) i5-7500 CPU @ 3.40GHz
stepping	: 9
microcode	: 0xde
cpu MHz		: 3640.069
cache size	: 6144 KB
physical id	: 0
siblings	: 4
core id		: 0
cpu cores	: 4
apicid		: 0
initial apicid	: 0
fpu		: yes
fpu_exception	: yes
cpuid level	: 22
wp		: yes
flags		: fpu vme de pse tsc msr pae mce cx8 apic sep mtrr pge mca cmov pat pse36 clflush dts acpi mmx fxsr sse sse2 ss ht tm pbe syscall nx pdpe1gb rdtscp lm constant_tsc art arch_perfmon pebs bts rep_good nopl xtopology nonstop_tsc cpuid aperfmperf pni pclmulqdq dtes64 monitor ds_cpl vmx smx est tm2 ssse3 sdbg fma cx16 xtpr pdcm pcid sse4_1 sse4_2 x2apic movbe popcnt tsc_deadline_timer aes xsave avx f16c rdrand lahf_lm abm 3dnowprefetch cpuid_fault epb invpcid_single pti ssbd ibrs ibpb stibp tpr_shadow vnmi flexpriority ept vpid ept_ad fsgsbase tsc_adjust bmi1 hle avx2 smep bmi2 erms invpcid rtm mpx rdseed adx smap clflushopt intel_pt xsaveopt xsavec xgetbv1 xsaves dtherm ida arat pln pts hwp hwp_notify hwp_act_window hwp_epp md_clear flush_l1d
bugs		: cpu_meltdown spectre_v1 spectre_v2 spec_store_bypass l1tf mds swapgs taa itlb_multihit srbds
bogomips	: 6799.81
clflush size	: 64
cache_alignment	: 64
address sizes	: 39 bits physical, 48 bits virtual
power management:

processor	: 1
vendor_id	: GenuineIntel
cpu family	: 6
model		: 158
model name	: Intel(R) Core(TM) i5-7500 CPU @ 3.40GHz
stepping	: 9
microcode	: 0xde
cpu MHz		: 3645.248
cache size	: 6144 KB
physical id	: 0
siblings	: 4
core id		: 1
cpu cores	: 4
apicid		: 2
initial apicid	: 2
fpu		: yes
fpu_exception	: yes
cpuid level	: 22
wp		: yes
flags		: fpu vme de pse tsc msr pae mce cx8 apic sep mtrr pge mca cmov pat pse36 clflush dts acpi mmx fxsr sse sse2 ss ht tm pbe syscall nx pdpe1gb rdtscp lm constant_tsc art arch_perfmon pebs bts rep_good nopl xtopology nonstop_tsc cpuid aperfmperf pni pclmulqdq dtes64 monitor ds_cpl vmx smx est tm2 ssse3 sdbg fma cx16 xtpr pdcm pcid sse4_1 sse4_2 x2apic movbe popcnt tsc_deadline_timer aes xsave avx f16c rdrand lahf_lm abm 3dnowprefetch cpuid_fault epb invpcid_single pti ssbd ibrs ibpb stibp tpr_shadow vnmi flexpriority ept vpid ept_ad fsgsbase tsc_adjust bmi1 hle avx2 smep bmi2 erms invpcid rtm mpx rdseed adx smap clflushopt intel_pt xsaveopt xsavec xgetbv1 xsaves dtherm ida arat pln pts hwp hwp_notify hwp_act_window hwp_epp md_clear flush_l1d
bugs		: cpu_meltdown spectre_v1 spectre_v2 spec_store_bypass l1tf mds swapgs taa itlb_multihit srbds
bogomips	: 6799.81
clflush size	: 64
cache_alignment	: 64
address sizes	: 39 bits physical, 48 bits virtual
power management:

processor	: 2
vendor_id	: GenuineIntel
cpu family	: 6
model		: 158
model name	: Intel(R) Core(TM) i5-7500 CPU @ 3.40GHz
stepping	: 9
microcode	: 0xde
cpu MHz		: 3681.953
cache size	: 6144 KB
physical id	: 0
siblings	: 4
core id		: 2
cpu cores	: 4
apicid		: 4
initial apicid	: 4
fpu		: yes
fpu_exception	: yes
cpuid level	: 22
wp		: yes
flags		: fpu vme de pse tsc msr pae mce cx8 apic sep mtrr pge mca cmov pat pse36 clflush dts acpi mmx fxsr sse sse2 ss ht tm pbe syscall nx pdpe1gb rdtscp lm constant_tsc art arch_perfmon pebs bts rep_good nopl xtopology nonstop_tsc cpuid aperfmperf pni pclmulqdq dtes64 monitor ds_cpl vmx smx est tm2 ssse3 sdbg fma cx16 xtpr pdcm pcid sse4_1 sse4_2 x2apic movbe popcnt tsc_deadline_timer aes xsave avx f16c rdrand lahf_lm abm 3dnowprefetch cpuid_fault epb invpcid_single pti ssbd ibrs ibpb stibp tpr_shadow vnmi flexpriority ept vpid ept_ad fsgsbase tsc_adjust bmi1 hle avx2 smep bmi2 erms invpcid rtm mpx rdseed adx smap clflushopt intel_pt xsaveopt xsavec xgetbv1 xsaves dtherm ida arat pln pts hwp hwp_notify hwp_act_window hwp_epp md_clear flush_l1d
bugs		: cpu_meltdown spectre_v1 spectre_v2 spec_store_bypass l1tf mds swapgs taa itlb_multihit srbds
bogomips	: 6799.81
clflush size	: 64
cache_alignment	: 64
address sizes	: 39 bits physical, 48 bits virtual
power management:

processor	: 3
vendor_id	: GenuineIntel
cpu family	: 6
model		: 158
model name	: Intel(R) Core(TM) i5-7500 CPU @ 3.40GHz
stepping	: 9
microcode	: 0xde
cpu MHz		: 3662.861
cache size	: 6144 KB
physical id	: 0
siblings	: 4
core id		: 3
cpu cores	: 4
apicid		: 6
initial apicid	: 6
fpu		: yes
fpu_exception	: yes
cpuid level	: 22
wp		: yes
flags		: fpu vme de pse tsc msr pae mce cx8 apic sep mtrr pge mca cmov pat pse36 clflush dts acpi mmx fxsr sse sse2 ss ht tm pbe syscall nx pdpe1gb rdtscp lm constant_tsc art arch_perfmon pebs bts rep_good nopl xtopology nonstop_tsc cpuid aperfmperf pni pclmulqdq dtes64 monitor ds_cpl vmx smx est tm2 ssse3 sdbg fma cx16 xtpr pdcm pcid sse4_1 sse4_2 x2apic movbe popcnt tsc_deadline_timer aes xsave avx f16c rdrand lahf_lm abm 3dnowprefetch cpuid_fault epb invpcid_single pti ssbd ibrs ibpb stibp tpr_shadow vnmi flexpriority ept vpid ept_ad fsgsbase tsc_adjust bmi1 hle avx2 smep bmi2 erms invpcid rtm mpx rdseed adx smap clflushopt intel_pt xsaveopt xsavec xgetbv1 xsaves dtherm ida arat pln pts hwp hwp_notify hwp_act_window hwp_epp md_clear flush_l1d
bugs		: cpu_meltdown spectre_v1 spectre_v2 spec_store_bypass l1tf mds swapgs taa itlb_multihit srbds
bogomips	: 6799.81
clflush size	: 64
cache_alignment	: 64
address sizes	: 39 bits physical, 48 bits virtual
power management:



Memory: 4k page, physical 12146108k(951456k free), swap 23999484k(23998448k free)

vm_info: OpenJDK 64-Bit Server VM (25.275-b01) for linux-amd64 JRE (1.8.0_275-8u275-b01-0ubuntu1~20.04-b01), built on Nov  9 2020 02:38:58 by "buildd" with gcc 9.3.0

time: Sun Nov 22 17:28:30 2020
timezone: +06
elapsed time: 2522.430183 seconds (0d 0h 42m 2s)

